{
    "type": [
        3,
        3,
        3,
        3,
        3,
        3,
        3,
        3,
        3,
        3,
        3,
        3,
        3,
        3,
        3,
        3,
        3,
        3,
        3,
        3,
        3,
        3,
        3,
        3,
        3,
        3,
        3,
        3,
        3,
        3,
        3,
        3,
        3,
        3,
        3,
        3,
        3,
        3,
        3,
        3,
        3,
        3,
        3,
        3,
        3,
        3,
        3,
        3,
        3,
        3,
        3,
        3,
        3,
        3,
        3,
        3,
        3,
        3,
        3,
        3,
        3,
        3,
        3,
        3,
        3,
        3,
        3,
        3,
        3,
        3,
        3,
        3,
        3,
        3,
        3,
        3,
        3,
        3,
        3,
        3,
        3,
        3,
        3,
        3,
        3,
        3,
        3,
        3,
        3,
        3,
        3,
        3,
        3,
        3,
        3,
        3,
        3,
        3,
        3,
        3,
        3,
        3,
        3,
        3,
        3,
        3,
        3,
        3,
        3,
        3,
        3,
        3,
        3,
        3,
        3,
        3,
        3,
        3,
        3,
        3,
        3,
        3,
        3,
        3,
        3,
        3,
        3,
        3,
        3,
        3,
        3,
        3,
        3,
        3,
        3,
        3,
        3,
        3,
        3,
        3,
        3,
        3,
        3,
        3,
        3,
        3,
        3,
        3,
        3,
        3,
        3,
        3,
        3,
        3,
        3,
        3,
        3,
        3,
        3,
        3,
        3,
        3,
        3,
        3,
        3,
        3,
        3,
        3,
        3,
        3,
        3,
        3,
        3,
        3,
        3,
        3,
        3,
        3,
        3,
        3,
        3,
        3,
        3,
        3,
        3,
        3,
        3,
        3,
        3,
        3,
        3,
        3,
        3,
        3,
        3,
        3,
        3,
        3,
        3,
        3,
        3,
        3,
        3,
        3,
        3,
        3,
        3,
        3,
        3,
        3,
        3,
        3,
        3,
        3,
        3,
        3,
        3,
        3,
        3,
        3,
        3,
        3,
        3,
        3,
        3,
        3,
        3,
        3,
        3,
        3,
        3,
        3,
        3,
        3,
        3,
        3,
        3,
        3,
        3,
        3,
        3,
        3,
        3,
        3,
        3,
        3,
        3,
        3,
        3,
        3,
        3,
        3,
        3,
        3,
        3,
        3,
        3,
        3,
        3,
        2,
        3,
        3,
        3,
        3,
        2,
        3,
        3,
        3,
        3,
        3,
        3,
        3,
        3,
        3,
        3,
        3,
        3,
        2,
        2,
        2,
        3,
        2,
        3,
        2,
        3,
        2,
        3,
        2,
        3,
        3,
        3,
        3,
        3,
        3,
        3,
        3,
        3,
        3,
        3,
        3,
        3,
        3,
        3,
        3,
        3,
        3,
        3,
        3,
        3,
        3,
        3,
        3,
        3,
        3,
        3,
        3,
        3,
        3,
        3,
        3,
        3,
        3,
        3,
        3,
        3,
        3,
        3,
        3,
        3,
        3,
        3,
        3,
        3,
        3,
        3,
        3,
        3,
        3,
        3,
        3,
        3,
        3,
        3,
        3,
        3,
        3,
        3,
        3,
        3,
        3,
        3,
        3,
        3,
        3,
        3,
        3,
        3,
        3,
        3,
        3,
        3,
        3,
        3,
        3,
        3,
        3,
        3,
        3,
        3,
        3,
        3,
        3,
        3,
        3,
        3,
        3,
        3,
        3,
        3,
        3,
        3,
        3,
        3,
        3,
        3,
        3,
        3,
        3,
        3,
        3,
        3,
        3,
        3,
        3,
        2,
        2,
        3,
        3,
        3,
        3,
        3,
        3,
        3,
        3,
        3,
        3,
        3,
        3,
        3,
        3,
        3,
        3,
        3,
        3,
        3,
        3,
        3,
        3,
        3,
        3,
        3,
        3,
        2,
        3,
        3,
        3,
        3,
        3,
        3,
        3,
        3,
        3,
        3,
        3,
        3,
        3,
        3,
        3,
        3,
        3,
        3,
        3,
        3,
        3,
        3,
        3,
        3,
        3,
        3,
        3,
        3,
        3,
        3,
        3,
        3,
        3,
        3,
        3,
        3,
        3,
        3,
        3,
        3,
        3,
        3,
        3,
        3,
        3,
        3,
        3,
        3,
        3,
        3,
        3,
        3,
        3,
        3,
        3,
        3,
        3,
        3,
        3,
        3,
        3,
        3,
        3,
        3,
        3,
        3,
        3,
        3,
        0,
        1,
        2,
        0,
        1,
        3,
        0,
        1,
        0,
        1,
        3,
        0,
        1,
        2,
        0,
        1,
        3,
        3,
        3,
        3,
        3,
        3,
        3,
        3,
        3,
        3,
        3,
        3,
        3,
        3,
        0,
        1,
        3,
        3,
        3,
        3,
        3,
        3,
        3,
        3,
        3,
        3,
        3,
        3,
        3,
        3,
        3,
        3,
        3,
        3,
        3,
        3,
        3,
        3,
        3,
        3,
        3,
        3,
        3,
        3,
        3,
        3,
        3,
        3,
        3,
        3,
        3,
        3,
        3,
        3,
        3,
        3,
        3,
        3,
        3,
        3,
        3,
        3,
        3,
        3,
        3,
        3,
        3,
        3,
        3,
        3,
        3,
        3,
        3,
        3,
        2,
        2,
        3,
        2,
        3,
        2,
        3,
        3,
        3,
        3,
        3,
        3,
        3,
        3,
        3,
        3,
        3,
        3,
        3,
        3,
        3,
        3,
        3,
        3,
        3,
        3,
        3,
        3,
        3,
        3,
        3,
        3,
        3,
        3,
        3,
        3,
        3,
        3,
        3,
        3,
        3,
        3,
        3,
        3,
        3,
        3,
        3,
        3,
        3,
        3,
        3,
        3,
        2,
        0,
        1,
        3,
        3,
        3,
        3,
        3,
        3,
        3,
        3,
        3,
        3,
        2,
        0,
        1,
        3,
        3,
        3,
        3,
        3,
        3,
        3,
        3,
        3,
        3,
        3,
        3,
        3,
        3,
        3,
        3,
        3,
        3,
        3,
        3,
        3,
        3,
        3,
        3,
        3,
        3,
        3,
        3,
        3,
        3,
        3,
        3,
        3,
        3,
        3,
        3,
        3,
        3,
        3,
        3,
        3,
        3,
        3,
        3,
        3,
        3,
        3,
        3,
        3,
        3,
        3,
        3,
        3,
        3,
        3,
        3,
        3,
        3,
        3,
        3,
        3,
        3,
        3,
        3,
        3,
        3,
        3,
        3,
        3,
        3,
        3,
        3,
        3,
        3,
        3,
        3,
        3,
        3,
        3,
        3,
        3,
        3,
        3,
        3,
        3,
        3,
        3,
        3,
        3,
        3,
        3,
        3,
        3,
        3,
        3,
        3,
        3,
        3,
        3,
        3,
        3,
        3,
        3,
        3,
        3,
        3,
        3,
        3,
        3,
        3,
        3,
        3,
        3,
        3,
        3,
        3,
        3,
        3,
        3,
        3,
        3,
        3,
        3,
        3,
        3,
        3,
        3,
        3,
        3,
        3,
        3,
        3,
        3,
        3,
        3,
        3,
        3,
        3,
        3,
        3,
        3,
        3,
        3,
        3,
        3,
        3,
        3,
        3,
        3,
        3,
        3,
        3,
        3,
        3,
        3,
        3,
        3,
        3,
        3,
        3,
        3,
        3,
        3,
        3,
        3,
        3,
        3,
        3,
        3,
        2,
        2,
        2,
        3,
        2,
        3,
        2,
        3,
        2,
        3,
        2,
        3,
        3,
        3,
        3,
        3,
        3,
        3,
        3,
        3,
        3,
        3,
        3,
        3,
        3,
        3,
        3,
        3,
        3,
        3,
        3,
        3,
        3,
        3,
        3,
        3,
        3,
        3,
        3,
        3,
        3,
        3,
        3,
        3,
        3,
        3,
        3,
        3,
        3,
        3,
        3,
        3,
        3,
        3,
        3,
        3,
        3,
        3,
        3,
        3,
        3,
        3,
        3,
        3,
        3,
        3,
        3,
        3,
        3,
        3,
        3,
        3,
        3,
        3,
        3,
        3,
        3,
        3,
        3,
        2,
        2,
        3,
        3,
        3,
        3,
        3,
        3,
        3,
        3,
        3,
        3,
        3,
        3,
        3,
        3,
        3,
        3,
        3,
        3,
        3,
        3,
        3,
        3,
        3,
        3,
        3,
        2,
        3,
        3,
        3,
        3,
        3,
        3,
        3,
        3,
        3,
        3,
        3,
        3,
        3,
        3,
        3,
        3,
        3,
        3,
        3,
        3,
        3,
        3,
        3,
        3,
        3,
        3,
        3,
        3,
        3,
        3,
        3,
        3,
        3,
        3,
        3,
        3,
        3,
        3,
        3,
        3,
        3,
        3,
        3,
        3,
        3,
        3,
        3,
        3,
        3,
        3,
        3,
        3,
        3,
        3,
        3,
        3,
        3,
        3,
        3,
        3,
        3,
        3,
        3,
        3,
        3,
        3,
        3,
        3,
        0,
        1,
        3,
        3,
        0,
        1,
        2
    ],
    "data": [
        "328:18: note: insert '_Nonnull' if the pointer should never be null\n",
        "void     psort(void *__base, size_t __nel, size_t __width,\n                    ^\n                      _Nonnull \n/usr/local/include/stdlib.h:329:43: warning: pointer is missing a nullability type specifier (_Nonnull, _Nullable, or _Null_unspecified) [-Wnullability-completeness]\n",
        "            int (* _Nonnull __compar)(const void *, const void *))\n                                                 ^\n",
        "/usr/local/include/stdlib.h:329:43: note: insert '_Nullable' if the pointer may be null\n            int (* _Nonnull __compar)(const void *, const void *))\n                                                 ^\n                                                  _Nullable\n",
        "/usr/local/include/stdlib.h:329:43: note: insert '_Nonnull' if the pointer should never be null\n",
        "            int (* _Nonnull __compar)(const void *, const void *))\n                                                 ^\n                                                  _Nonnull\n/usr/local/include/stdlib.h:329:57",
        ": warning: pointer is missing a nullability type specifier (_Nonnull, _Nullable, or _Null_unspecified) [-Wnullability-completeness]\n            int (* _Nonnull __compar)(const void *, const void *))\n                                                               ^\n/usr/local/include/stdlib.h:329:57: note: insert '_Nullable' if the pointer may be null\n            int (* _Nonnull __compar)(const void *, const void *))\n                                                               ^\n                                                                _Nullable\n/usr/local/include/stdlib.h:329:57: note: insert '_Nonnull' if the pointer should never be null\n            int (* _Nonnull __compar)(const void *, const void *))\n                                                               ^\n                                                                _Nonnull\n",
        "/usr/local/include/stdlib.h:332:20: warning: pointer is missing a nullability type specifier (_Nonnull, _Nullable, or _Null_unspecified) [-Wnullability-completeness]\nvoid     psort_b(void *__base, size_t __nel, size_t __width,\n                      ^\n",
        "/usr/local/include/stdlib.h:332",
        ":20: note: insert '_Nullable' if the pointer may be null",
        "\n",
        "void     psort_b(void *__base, size_t __nel, size_t __width,\n                      ^\n                        _Nullable \n",
        "/usr/local/include/stdlib.h:332:20: note: insert '_Nonnull' if the pointer should never be null\nvoid     psort_b(void *__base, size_t __nel, size_t __width,\n                      ^",
        "\n                        _Nonnull \n/usr/local/include/stdlib.h:333:43: warning: pointer is missing a nullability type specifier (_Nonnull, _Nullable, or _Null_unspecified) [-Wnullability-completeness]\n            int (^ _Nonnull __compar)(const void *, const void *) __sort_noescape)\n                                                 ^\n",
        "/usr/local/include/stdlib.h:333:43: note: insert '_Nullable' if the pointer may be null\n            int (^ _Nonnull __compar)(const void *, const void *) __sort_noescape)\n                                                 ^\n                                                  _Nullable\n/usr/local/include/stdlib.h:333:43: note: insert '_Nonnull' if the pointer should never be null\n",
        "            int (^ _Nonnull __compar)(const void *, const void *) __sort_noescape)\n                                                 ^\n                                                  _Nonnull\n/usr/local/include/stdlib.h:333:57: warning: pointer is missing a nullability type specifier (_Nonnull, _Nullable, or _Null_unspecified) [-Wnullability-completeness]\n",
        "            int (^ _Nonnull __compar)(const void *, const void *) __sort_noescape)\n                                                               ^\n",
        "/usr/local/include/stdlib.h",
        ":333:57: note: insert '_Nullable' if the pointer may be null\n",
        "            int (^ _Nonnull __compar)(const void *, const void *) __sort_noescape)\n                                                               ^\n                                                                _Nullable\n",
        "/usr/local/include/stdlib.h:333:57: note: insert '_Nonnull' if the pointer should never be null\n",
        "            int (^ _Nonnull __compar)(const void *, const void *) __sort_noescape)\n                                                               ^\n                                                                _Nonnull\n",
        "/usr/local/include/stdlib.h:336:20: warning: pointer is missing a nullability type specifier (_Nonnull, _Nullable, or _Null_unspecified) [-Wnullability-completeness]\n",
        "void     psort_r(void *__base, size_t __nel, size_t __width, void *,\n                      ^",
        "\n/usr/local/include/stdlib.h:336:20: note: insert '_Nullable' if the pointer may be null\nvoid     psort_r(void *__base, size_t __nel, size_t __width, void *,\n                      ^\n                        _Nullable \n",
        "/usr/local/include/stdlib.h:",
        "336:20: note: insert '_Nonnull' if the pointer should never be null\nvoid     psort_r(void *__base, size_t __nel, size_t __width, void *,\n                      ^\n                        _Nonnull \n/usr/local/include/stdlib.h:336:64: warning: pointer is missing a nullability type specifier (_Nonnull, _Nullable, or _Null_unspecified) [-Wnullability-completeness]\n",
        "void     psort_r(void *__base, size_t __nel, size_t __width, void *,\n                                                                  ^\n",
        "/usr/local/include/stdlib.h:336:64: note: insert '_Nullable' if the pointer may be null\n",
        "void     psort_r(void *__base, size_t __nel, size_t __width, void *,\n                                                                  ^\n                                                                   _Nullable",
        "\n/usr/local/include/stdlib.h:336:64: note: insert '_Nonnull' if the pointer should never be null\nvoid     psort_r(void *__base, size_t __nel, size_t __width, void *,\n                                                                  ^\n                                                                   _Nonnull\n/usr/local/include/stdlib.h:337:",
        "37: warning: pointer is missing a nullability type specifier (_Nonnull, _Nullable, or _Null_unspecified) [-Wnullability-completeness]\n            int (* _Nonnull __compar)(void *, const void *, const void *))\n                                           ^\n",
        "/usr/local/include/stdlib.h:337:37: note: insert '_Nullable' if the pointer may be null\n",
        "            int (* _Nonnull __compar)(void *, const void *, const void *))\n",
        "                                           ^\n                                            _Nullable\n/usr/local/include/stdlib.h:337:37: note: insert '_Nonnull' if the pointer should never be null\n            int (* _Nonnull __compar)(void *, const void *, const void *))\n                                           ^\n                                            _Nonnull\n/usr/local/include/stdlib.h:337:51: warning: pointer is missing a nullability type specifier (_Nonnull, _Nullable, or _Null_unspecified) [-Wnullability-completeness]\n            int (* _Nonnull __compar)(void *, const void *, const void *))\n                                                         ^\n/usr/local/include/stdlib.h:337:51: note: insert '_Nullable' if the pointer may be null\n",
        "            int (* _Nonnull __compar)(void *, const void *, const void *))\n                                                         ^\n                                                          _Nullable\n",
        "/usr/local/include/stdlib.h:337",
        ":51: note: insert '_Nonnull' if the pointer should never be null\n            int (* _Nonnull __compar)(void *, const void *, const void *))\n                                                         ^\n                                                          _Nonnull\n/usr/local/include/stdlib.h:337:65: warning: pointer is missing a nullability type specifier (_Nonnull, _Nullable, or _Null_unspecified) [-Wnullability-completeness]\n            int (* _Nonnull __compar)(void *, const void *, const void *))\n                                                                       ^\n/usr/local/include/stdlib.h:337:65: note: insert '_Nullable' if the pointer may be null\n            int (* _Nonnull __compar)(void *, const void *, const void *))\n                                                                       ^\n                                                                        _Nullable\n/usr/local/include/stdlib.h:337:65: note: insert '_Nonnull' if the pointer should never be null\n            int (* _Nonnull __compar)(void *, const void *, const void *))\n                                                                       ^\n                                                                        _Nonnull\n/usr/local/include/stdlib.h:340:20: warning: pointer is missing a nullability type specifier (_Nonnull, _Nullable, or _Null_unspecified) [-Wnullability-completeness]\n",
        "void     qsort_b(void *__base, size_t __nel, size_t __width,\n                      ^\n/usr/local/include/stdlib.h:340:20: note: ",
        "insert '_Nullable' if the pointer may be null\n",
        "void     qsort_b(void *__base, size_t __nel, size_t __width,\n                      ^\n                        _Nullable \n",
        "/usr/local/include/stdlib.h:340:20: note: insert '_Nonnull' if the pointer should never be null\n",
        "void     qsort_b(void *__base, size_t __nel, size_t __width,",
        "\n                      ^\n                        _Nonnull \n/usr/local/include/stdlib.h:341:43: warning: pointer is missing a nullability type specifier (_Nonnull, _Nullable, or _Null_unspecified) [-Wnullability-completeness]\n            int (^ _Nonnull __compar)(const void *, const void *) __sort_noescape)\n                                                 ^\n",
        "/usr/local/include/stdlib.h:341:43: note: insert '_Nullable' if the pointer may be null\n",
        "            int (^ _Nonnull __compar)(const void *, const void *) __sort_noescape)\n                                                 ^\n                                                  _Nullable",
        "\n",
        "/usr/local/include/stdlib.h:341:43: ",
        "note: insert '_Nonnull' if the pointer should never be null\n            int (^ _Nonnull __compar)(const void *, const void *) __sort_noescape)\n                                                 ^\n                                                  _Nonnull\n/usr/local/include/stdlib.h:341:57: warning: pointer is missing a nullability type specifier (_Nonnull, _Nullable, or _Null_unspecified) [-Wnullability-completeness]\n            int (^ _Nonnull __compar)(const void *, const void *) __sort_noescape)\n                                                               ^\n/usr/local/include/stdlib.h:341:57: note: insert '_Nullable' if the pointer may be null\n            int (^ _Nonnull __compar)(const void *, const void *) __sort_noescape)\n                                                               ^\n                                                                _Nullable\n/usr/local/include/stdlib.h:341:57: note: insert '_Nonnull' if the pointer should never be null\n            int (^ _Nonnull __compar)(const void *, const void *) __sort_noescape)\n                                                               ^\n                                                                _Nonnull\n/usr/local/include/stdlib.h:344:20: warning: pointer is missing a nullability type specifier (_Nonnull, _Nullable, or _Null_unspecified) [-Wnullability-completeness]\nvoid     qsort_r(void *__base, size_t __nel, size_t __width, void *,\n                      ^\n",
        "/usr/local/include/stdlib.h:344:20: note: insert '_Nullable' if the pointer may be null\n",
        "void     qsort_r(void *__base, size_t __nel, size_t __width, void *,\n                      ^\n                        _Nullable \n",
        "/usr/local/include/stdlib.h:344:20: note: insert '_Nonnull' if the pointer should never be null\n",
        "void     qsort_r(void *__base, size_t __nel, size_t __width, void *,\n                      ^\n                        _Nonnull \n",
        "/usr/local/include/stdlib.h:344:64: warning: pointer is missing a nullability type specifier (_Nonnull, _Nullable, or _Null_unspecified) [-Wnullability-completeness]\n",
        "void     qsort_r(void *__base, size_t __nel, size_t __width, void *,\n                                                                  ^\n",
        "/usr/local/include/stdlib.h:344:64: note: insert '_Nullable' if the pointer may be null\n",
        "void     qsort_r(void *__base, size_t __nel, size_t __width, void *,\n                                                                  ^\n",
        "                                                                   _Nullable\n/usr/local/include/stdlib.h:344:64: note: insert '_Nonnull' if the pointer should never be null\nvoid     qsort_r(void *__base, size_t __nel, size_t __width, void *,\n                                                                  ^\n                                                                   _Nonnull\n/usr/local/include/stdlib.h:345:37: warning: pointer is missing a nullability type specifier (_Nonnull, _Nullable, or _Null_unspecified) [-Wnullability-completeness]\n            int (* _Nonnull __compar)(void *, const void *, const void *));\n                                           ^\n/usr/local/include/stdlib.h:345:37: note: insert '_Nullable' if the pointer may be null\n            int (* _Nonnull __compar)(void *, const void *, const void *));\n                                           ^\n                                            _Nullable",
        "\n/usr/local/include/stdlib.h:345:37: note: insert '_Nonnull' if the pointer should never be null\n            int (* _Nonnull __compar)(void *, const void *, const void *));\n                                           ^\n                                            _Nonnull\n/usr/local/include/stdlib.h:345:51: warning: pointer is missing a nullability type specifier (_Nonnull, _Nullable, or _Null_unspecified) [-Wnullability-completeness]\n            int (* _Nonnull __compar)(void *, const void *, const void *));\n                                                         ^\n/usr/local/include/stdlib.h:345:51: note: insert '_Nullable' if the pointer may be null\n            int (* _Nonnull __compar)(void *, const void *, const void *));\n                                                         ^\n                                                          _Nullable\n",
        "/usr/local/include/stdlib.h:345:51: note: insert '_Nonnull' if the pointer should never be null\n",
        "            int (* _Nonnull __compar)(void *, const void *, const void *));\n                                                         ^\n",
        "                                                          _Nonnull\n/usr/local/include/stdlib.h:345:65: warning: pointer is missing a nullability type specifier (_Nonnull, _Nullable, or _Null_unspecified) [-Wnullability-completeness]\n",
        "            int (* _Nonnull __compar)(void *, const void *, const void *));",
        "\n                                                                       ^\n",
        "/usr/local/include/stdlib.h",
        ":345:65: note: insert '_Nullable' if the pointer may be null\n            int (* _Nonnull __compar)(void *, const void *, const void *));\n                                                                       ^\n                                                                        _Nullable\n",
        "/usr/local/include/stdlib.h:345:65: note: insert '_Nonnull' if the pointer should never be null",
        "\n            int (* _Nonnull __compar)(void *, const void *, const void *));\n                                                                       ^\n                                                                        _Nonnull\n",
        "/usr/local/include/stdlib.h:346:36: warning: pointer is missing a nullability type specifier (_Nonnull, _Nullable, or _Null_unspecified) [-Wnullability-completeness]\n",
        "int      radixsort(const unsigned char **__base, int __nel, const unsigned char *__table,\n                                       ^\n",
        "/usr/local/include/stdlib.h:346:36: note: insert '_Nullable' if the pointer may be null\n",
        "int      radixsort(const unsigned char **__base, int __nel, const unsigned char *__table,\n                                       ^\n                                        _Nullable\n",
        "/usr/local/include/stdlib.h:346:36: ",
        "note: insert '_Nonnull' if the pointer should never be null\n",
        "int      radixsort(const unsigned char **__base, int __nel, const unsigned char *__table,\n                                       ^\n",
        "                                        _Nonnull\n/usr/local/include/stdlib.h:346:37: warning: pointer is missing a nullability type specifier (_Nonnull, _Nullable, or _Null_unspecified) [-Wnullability-completeness]\nint      radixsort(const unsigned char **__base, int __nel, const unsigned char *__table,\n                                        ^\n/usr/local/include/stdlib.h:346:37:",
        " note: insert '_Nullable' if the pointer may be null\nint      radixsort(const unsigned char **__base, int __nel, const unsigned char *__table,\n                                        ^\n                                          _Nullable \n",
        "/usr/local/include/stdlib.h:346:37",
        ": note: insert '_Nonnull' if the pointer should never be null\n",
        "int      radixsort(const unsigned char **__base, int __nel, const unsigned char *__table,\n                                        ^\n                                          _Nonnull ",
        "\n/usr/local/include/stdlib.h:346:77: warning: pointer is missing a nullability type specifier (_Nonnull, _Nullable, or _Null_unspecified) [-Wnullability-completeness]\nint      radixsort(const unsigned char **__base, int __nel, const unsigned char *__table,\n                                                                                ^\n/usr/local/include/stdlib.h:346:77: note: insert '_Nullable' if the pointer may be null\n",
        "int      radixsort(const unsigned char **__base, int __nel, const unsigned char *__table,",
        "\n                                                                                ^\n                                                                                  _Nullable \n/usr/local/include/stdlib.h:346:77: note: insert '_Nonnull' if the pointer should never be null\nint      radixsort(const unsigned char **__base, int __nel, const unsigned char *__table,\n                                                                                ^\n                                                                                  _Nonnull \n/usr/local/include/stdlib.h:348:24: warning: pointer is missing a nullability type specifier (_Nonnull, _Nullable, or _Null_unspecified) [-Wnullability-completeness]\nint     rpmatch(const char *)\n                           ^\n/usr/local/include/stdlib.h:348:24: note: insert '_Nullable' if the pointer may be null\nint     rpmatch(const char *)\n                           ^\n                            _Nullable\n/usr/local/include/stdlib.h:348:24: note: insert '_Nonnull' if the pointer should never be null\nint     rpmatch(const char *)\n                           ^\n                            _Nonnull\n/usr/local/include/stdlib.h:350:37: warning: pointer is missing a nullability type specifier (_Nonnull, _Nullable, or _Null_unspecified) [-Wnullability-completeness]\nint      sradixsort(const unsigned char **__base, int __nel, const unsigned char *__table,\n                                        ^\n/usr/local/include/stdlib.h:350:37: note: insert '_Nullable' if the pointer may be null\nint      sradixsort(const unsigned char **__base, int __nel, const unsigned char *__table,\n                                        ^\n                                         _Nullable\n/usr/local/include/stdlib.h:350:37: note: insert '_Nonnull' if the pointer should never be null\n",
        "int      sradixsort(const unsigned char **__base, int __nel, const unsigned char *__table,\n                                        ^\n                                         _Nonnull\n/usr/local/include/stdlib.h:350:38: warning: pointer is missing a nullability type specifier (_Nonnull, _Nullable, or _Null_unspecified) [-Wnullability-completeness]\nint      sradixsort(const unsigned char **__base, int __nel, const unsigned char *__table,\n                                         ^\n",
        "/usr/local/include/stdlib.h:350:38: note: insert '_Nullable' if the pointer may be null\n",
        "int      sradixsort(const unsigned char **__base, int __nel, const unsigned char *__table,\n                                         ^\n                                           _Nullable \n",
        "/usr/local/include/stdlib.h:",
        "350:38: note: insert '_Nonnull' if the pointer should never be null\nint      sradixsort(const unsigned char **__base, int __nel, const unsigned char *__table,\n                                         ^\n                                           _Nonnull \n/usr/local/include/stdlib.h:350:78: warning: pointer is missing a nullability type specifier (_Nonnull, _Nullable, or _Null_unspecified) [-Wnullability-completeness]",
        "\nint      sradixsort(const unsigned char **__base, int __nel, const unsigned char *__table,\n                                                                                 ^\n",
        "/usr/local/include/stdlib.h:350",
        ":78: note: insert '_Nullable' if the pointer may be null\n",
        "int      sradixsort(const unsigned char **__base, int __nel, const unsigned char *__table,\n                                                                                 ^\n                                                                                   _Nullable \n",
        "/usr/local/include/stdlib.h:350",
        ":78: note: insert '_Nonnull' if the pointer should never be null\n",
        "int      sradixsort(const unsigned char **__base, int __nel, const unsigned char *__table,\n                                                                                 ^\n                                                                                   _Nonnull \n",
        "/usr/local/include/stdlib.h:354:21: warning: pointer is missing a nullability type specifier (_Nonnull, _Nullable, or _Null_unspecified) [-Wnullability-completeness]\n",
        "void    *reallocf(void *__ptr, size_t __size) __alloc_size(2);\n                       ^\n",
        "/usr/local/include/stdlib.h:354:21: note: insert '_Nullable' if the pointer may be null\n",
        "void    *reallocf(void *__ptr, size_t __size) __alloc_size(2);\n                       ^\n                         _Nullable \n",
        "/usr/local/include/stdlib.h:354:21: note: insert '_Nonnull' if the pointer should never be null\n",
        "void    *reallocf(void *__ptr, size_t __size) __alloc_size(2);\n",
        "                       ^\n                         _Nonnull \n/usr/local/include/stdlib.h:354:6: warning: pointer is missing a nullability type specifier (_Nonnull, _Nullable, or _Null_unspecified) [-Wnullability-completeness]\nvoid    *reallocf(void *__ptr, size_t __size) __alloc_size(2);\n        ^",
        "\n/usr/local/include/stdlib.h:354:6: note: insert '_Nullable' if the pointer may be null\n",
        "void    *reallocf(void *__ptr, size_t __size) __alloc_size(2);\n        ^\n",
        "          _Nullable \n/usr/local/include/stdlib.h:354:6:",
        " note: insert '_Nonnull' if the pointer should never be null\nvoid    *reallocf(void *__ptr, size_t __size) __alloc_size(2);\n        ^",
        "\n          _Nonnull \n",
        "/usr/local/include/stdlib.h:356:",
        "22: warning: pointer is missing a nullability type specifier (_Nonnull, _Nullable, or _Null_unspecified) [-Wnullability-completeness]\n",
        "        strtonum(const char *__numstr, long long __minval, long long __maxval, const char **__errstrp)\n                            ^\n",
        "/usr/local/include/stdlib.h:356:22: note: insert '_Nullable' if the pointer may be null\n",
        "        strtonum(const char *__numstr, long long __minval, long long __maxval, const char **__errstrp)\n                            ^\n                              _Nullable \n",
        "/usr/local/include/stdlib.h:356:22:",
        " note: insert '_Nonnull' if the pointer should never be null\n",
        "        strtonum(const char *__numstr, long long __minval, long long __maxval, const char **__errstrp)\n                            ^\n                              _Nonnull \n",
        "/usr/local/include/stdlib.h:356:84: warning: pointer is missing a nullability type specifier (_Nonnull, _Nullable, or _Null_unspecified) [-Wnullability-completeness]\n",
        "        strtonum(const char *__numstr, long long __minval, long long __maxval, const char **__errstrp)\n                                                                                          ^\n",
        "/usr/local/include/stdlib.h:356:84: note: insert '_Nullable' if the pointer may be null\n",
        "        strtonum(const char *__numstr, long long __minval, long long __maxval, const char **__errstrp)\n                                                                                          ^\n                                                                                           _Nullable\n",
        "/usr/local/include/stdlib.h:356:84: note: insert '_Nonnull' if the pointer should never be null\n",
        "        strtonum(const char *__numstr, long long __minval, long long __maxval, const char **__errstrp)\n                                                                                          ^\n                                                                                           _Nonnull\n/usr/local/include/stdlib.h:356",
        ":85: warning: pointer is missing a nullability type specifier (_Nonnull, _Nullable, or _Null_unspecified) [-Wnullability-completeness]\n",
        "        strtonum(const char *__numstr, long long __minval, long long __maxval, const char **__errstrp)\n                                                                                           ^\n/usr/local/include/stdlib.h:356:85: note: insert '_Nullable' if the pointer may be null\n",
        "        strtonum(const char *__numstr, long long __minval, long long __maxval, const char **__errstrp)\n                                                                                           ^\n                                                                                             _Nullable \n",
        "/usr/local/include/stdlib.h:356:",
        "85: note: insert '_Nonnull' if the pointer should never be null",
        "\n",
        "        strtonum(const char *__numstr, long long __minval, long long __maxval, const char **__errstrp)\n                                                                                           ^\n                                                                                             _Nonnull \n",
        "/usr/local/include/stdlib.h:360:21: warning: pointer is missing a nullability type specifier (_Nonnull, _Nullable, or _Null_unspecified) [-Wnullability-completeness]\n",
        "         strtoq(const char *__str, char **__endptr, int __base);\n                           ^\n",
        "/usr/local/include/stdlib.h:360:21: ",
        "note: insert '_Nullable' if the pointer may be null\n",
        "         strtoq(const char *__str, char **__endptr, int __base);\n                           ^\n                             _Nullable \n",
        "/usr/local/include/stdlib.h:360:21: note: insert '_Nonnull' if the pointer should never be null\n",
        "         strtoq(const char *__str, char **__endptr, int __base);\n                           ^\n                             _Nonnull ",
        "\n/usr/local/include/stdlib.h:360:34: warning: pointer is missing a nullability type specifier (_Nonnull, _Nullable, or _Null_unspecified) [-Wnullability-completeness]\n",
        "         strtoq(const char *__str, char **__endptr, int __base);\n                                        ^\n/usr/local/include/stdlib.h:360:34: note: insert '_Nullable' if the pointer may be null\n         strtoq(const char *__str, char **__endptr, int __base);\n                                        ^\n                                         _Nullable\n/usr/local/include/stdlib.h:360:34: note: ",
        "insert '_Nonnull' if the pointer should never be null\n",
        "         strtoq(const char *__str, char **__endptr, int __base);\n                                        ^\n                                         _Nonnull\n/usr/local/include/stdlib.h:360:35:",
        " warning: pointer is missing a nullability type specifier (_Nonnull, _Nullable, or _Null_unspecified) [-Wnullability-completeness]\n",
        "         strtoq(const char *__str, char **__endptr, int __base);\n                                         ^\n",
        "/usr/local/include/stdlib.h:360:35: ",
        "note: insert '_Nullable' if the pointer may be null\n",
        "         strtoq(const char *__str, char **__endptr, int __base);\n                                         ^\n                                           _Nullable \n",
        "/usr/local/include/stdlib.h",
        ":360:35: note: insert '_Nonnull' if the pointer should never be null\n",
        "         strtoq(const char *__str, char **__endptr, int __base);\n                                         ^\n                                           _Nonnull \n",
        "/usr/local/include/stdlib.h:362:22: warning: pointer is missing a nullability type specifier (_Nonnull, _Nullable, or _Null_unspecified) [-Wnullability-completeness]\n         strtouq(const char *__str, char **__endptr, int __base);\n                            ^\n",
        "/usr/local/include/stdlib.h:362:22: ",
        "note: insert '_Nullable' if the pointer may be null\n",
        "         strtouq(const char *__str, char **__endptr, int __base);\n                            ^\n                              _Nullable \n/usr/local/include/stdlib.h:362:22: note: insert '_Nonnull' if the pointer should never be null\n",
        "         strtouq(const char *__str, char **__endptr, int __base);\n                            ^\n",
        "                              _Nonnull \n/usr/local/include/stdlib.h:",
        "362:35: warning: pointer is missing a nullability type specifier (_Nonnull, _Nullable, or _Null_unspecified) [-Wnullability-completeness]",
        "\n",
        "         strtouq(const char *__str, char **__endptr, int __base);\n                                         ^\n",
        "/usr/local/include/stdlib.h:362:35",
        ": note: insert '_Nullable' if the pointer may be null\n",
        "         strtouq(const char *__str, char **__endptr, int __base);\n                                         ^\n                                          _Nullable\n",
        "/usr/local/include/stdlib.h:362:",
        "35: note: insert '_Nonnull' if the pointer should never be null\n",
        "         strtouq(const char *__str, char **__endptr, int __base);\n                                         ^\n                                          _Nonnull\n/usr/local/include/stdlib.h:362:36: warning: pointer is missing a nullability type specifier (_Nonnull, _Nullable, or _Null_unspecified) [-Wnullability-completeness]\n",
        "         strtouq(const char *__str, char **__endptr, int __base);\n                                          ^\n",
        "/usr/local/include/stdlib.h:362:36: note: insert '_Nullable' if the pointer may be null\n",
        "         strtouq(const char *__str, char **__endptr, int __base);\n",
        "                                          ^\n                                            _Nullable \n",
        "/usr/local/include/stdlib.h:",
        "362:36: note: insert '_Nonnull' if the pointer should never be null\n",
        "         strtouq(const char *__str, char **__endptr, int __base);\n                                          ^\n                                            _Nonnull \n",
        "/usr/local/include/stdlib.h:364",
        ":13: warning: pointer is missing a nullability type specifier (_Nonnull, _Nullable, or _Null_unspecified) [-Wnullability-completeness]\n",
        "extern char *suboptarg;         /* getsubopt(3) external variable */\n            ^\n",
        "/usr/local/include/stdlib.h:",
        "364:13: note: ",
        "insert '_Nullable' if the pointer may be null\n",
        "extern char *suboptarg;         /* getsubopt(3) external variable */\n            ^\n              _Nullable \n",
        "/usr/local/include/stdlib.h:364:",
        "13: note: insert '_Nonnull' if the pointer should never be null\n",
        "extern char *suboptarg;         /* getsubopt(3) external variable */\n            ^\n              _Nonnull \n",
        "In file included from yajl/yajl_tree.c:18:\nIn file included from /usr/local/include/stdio.h:64:\n/usr/local/include/_stdio.h:93:16: warning: pointer is missing a nullability type specifier (_Nonnull, _Nullable, or _Null_unspecified) [-Wnullability-completeness]\n        unsigned char   *_base;\n                        ^\n",
        "/usr/local/include/_stdio.h:",
        "93:16: note: insert '_Nullable' if the pointer may be null\n",
        "        unsigned char   *_base;\n                        ^\n",
        "                          _Nullable \n",
        "/usr/local/include/_stdio.h:93:16: note: insert '_Nonnull' if the pointer should never be null\n        unsigned char   *_base;\n                        ^\n                          _Nonnull \n/usr/local/include/_stdio.h:138:32: warning: pointer is missing a nullability type specifier (_Nonnull, _Nullable, or _Null_unspecified) [-Wnullability-completeness]\n",
        "        int     (* _Nullable _read) (void *, char *, int);\n",
        "                                          ^\n",
        "/usr/local/include/_stdio.h:138:32: note: insert '_Nullable' if the pointer may be null\n",
        "        int     (* _Nullable _read) (void *, char *, int);\n                                          ^",
        "\n                                           _Nullable\n",
        "/usr/local/include/_stdio.h:138:32: note: insert '_Nonnull' if the pointer should never be null\n",
        "        int     (* _Nullable _read) (void *, char *, int);",
        "\n                                          ^\n                                           _Nonnull\n",
        "/usr/local/include/_stdio.h:138:40",
        ": warning: pointer is missing a nullability type specifier (_Nonnull, _Nullable, or _Null_unspecified) [-Wnullability-completeness]\n",
        "        int     (* _Nullable _read) (void *, char *, int);\n                                                  ^\n",
        "/usr/local/include/_stdio.h:138:",
        "40: note: insert '_Nullable' if the pointer may be null\n",
        "        int     (* _Nullable _read) (void *, char *, int);\n                                                  ^\n                                                   _Nullable\n",
        "/usr/local/include/_stdio.h:138:",
        "40: note: insert '_Nonnull' if the pointer should never be null\n",
        "        int     (* _Nullable _read) (void *, char *, int);\n                                                  ^\n                                                   _Nonnull\n",
        "/usr/local/include/_stdio.h:139:35: warning: pointer is missing a nullability type specifier (_Nonnull, _Nullable, or _Null_unspecified) [-Wnullability-completeness]",
        "\n",
        "        fpos_t  (* _Nullable _seek) (void *, fpos_t, int);\n                                          ^\n",
        "/usr/local/include/_stdio.h:139:35: note: insert '_Nullable' if the pointer may be null\n",
        "        fpos_t  (* _Nullable _seek) (void *, fpos_t, int);\n                                          ^\n                                           _Nullable\n",
        "/usr/local/include/_stdio.h:139:35: note: insert '_Nonnull' if the pointer should never be null\n        fpos_t  (* _Nullable _seek) (void *, fpos_t, int);\n                                          ^\n                                           _Nonnull\n",
        "/usr/local/include/_stdio.h:140:32: warning: pointer is missing a nullability type specifier (_Nonnull, _Nullable, or _Null_unspecified) [-Wnullability-completeness]\n",
        "        int     (* _Nullable _write)(void *, const char *, int);\n                                          ^\n",
        "/usr/local/include/_stdio.h:140:",
        "32: note: insert '_Nullable' if the pointer may be null\n",
        "        int     (* _Nullable _write)(void *, const char *, int);\n                                          ^\n                                           _Nullable\n/usr/local/include/_stdio.h:140:32: ",
        "note: insert '_Nonnull' if the pointer should never be null\n",
        "        int     (* _Nullable _write)(void *, const char *, int);\n                                          ^\n                                           _Nonnull\n/usr/local/include/_stdio.h:140:46: warning: pointer is missing a nullability type specifier (_Nonnull, _Nullable, or _Null_unspecified) [-Wnullability-completeness]\n        int     (* _Nullable _write)(void *, const char *, int);\n                                                        ^\n",
        "/usr/local/include/_stdio.h:140:46",
        ": note: insert '_Nullable' if the pointer may be null\n",
        "        int     (* _Nullable _write)(void *, const char *, int);\n                                                        ^\n                                                         _Nullable\n",
        "/usr/local/include/_stdio.h:140:",
        "46: note: insert '_Nonnull' if the pointer should never be null\n",
        "        int     (* _Nullable _write)(void *, const char *, int);\n                                                        ^\n                                                         _Nonnull\n/usr/local/include/_stdio.h:144:18: warning: pointer is missing a nullability type specifier (_Nonnull, _Nullable, or _Null_unspecified) [-Wnullability-completeness]\n        struct __sFILEX *_extra; /* additions to FILE to not break ABI */\n                        ^\n",
        "/usr/local/include/_stdio.h:144:18: note: insert '_Nullable' if the pointer may be null\n        struct __sFILEX *_extra; /* additions to FILE to not break ABI */\n                        ^\n                          _Nullable \n/usr/local/include/_stdio.h:144:18: note: insert '_Nonnull' if the pointer should never be null\n",
        "        struct __sFILEX *_extra; /* additions to FILE to not break ABI */\n",
        "                        ^\n                          _Nonnull \n",
        "In file included from yajl/yajl_tree.c:18:\n/usr/local/include/stdio.h:67:13: warning: pointer is missing a nullability type specifier (_Nonnull, _Nullable, or _Null_unspecified) [-Wnullability-completeness]\nextern FILE *__stdinp;\n            ^\n",
        "/usr/local/include/stdio.h:",
        "67",
        ":13: note: insert '_Nullable' if the pointer may be null",
        "\n",
        "extern FILE *__stdinp;\n            ^\n",
        "              _Nullable \n",
        "/usr/local/include/stdio.h:67:13: note: insert '_Nonnull' if the pointer should never be null\nextern FILE *__stdinp;\n            ^\n              _Nonnull \n/usr/local/include/stdio.h:395:41: warning: pointer is missing a nullability type specifier (_Nonnull, _Nullable, or _Null_unspecified) [-Wnullability-completeness]\n                 int (* _Nullable)(void *, const char *, int),\n                                        ^",
        "\n",
        "/usr/local/include/stdio.h:395:",
        "41: note: insert '_Nullable' if the pointer may be null\n",
        "                 int (* _Nullable)(void *, const char *, int),\n                                        ^\n                                         _Nullable\n/usr/local/include/stdio.h:395:41: note: insert '_Nonnull' if the pointer should never be null\n                 int (* _Nullable)(void *, const char *, int),\n                                        ^\n                                         _Nonnull\n",
        "/usr/local/include/stdio.h:395:55: warning: pointer is missing a nullability type specifier (_Nonnull, _Nullable, or _Null_unspecified) [-Wnullability-completeness]\n",
        "                 int (* _Nullable)(void *, const char *, int),\n",
        "                                                      ^\n",
        "/usr/local/include/stdio.h:395:55: note: insert '_Nullable' if the pointer may be null\n",
        "                 int (* _Nullable)(void *, const char *, int),\n                                                      ^\n                                                       _Nullable\n",
        "/usr/local/include/stdio.h:",
        "395:55: ",
        "note: insert '_Nonnull' if the pointer should never be null\n",
        "                 int (* _Nullable)(void *, const char *, int),\n                                                      ^\n                                                       _Nonnull\n/usr/local/include/stdio.h:396:44: warning: pointer is missing a nullability type specifier (_Nonnull, _Nullable, or _Null_unspecified) [-Wnullability-completeness]\n                 fpos_t (* _Nullable)(void *, fpos_t, int),\n                                           ^\n",
        "/usr/local/include/stdio.h:396:44: note: insert '_Nullable' if the pointer may be null\n",
        "                 fpos_t (* _Nullable)(void *, fpos_t, int),\n                                           ^\n                                            _Nullable\n/usr/local/include/stdio.h:396:44: note: insert '_Nonnull' if the pointer should never be null\n                 fpos_t (* _Nullable)(void *, fpos_t, int),\n                                           ^\n                                            _Nonnull\n/usr/local/include/stdio.h:397:41: warning: pointer is missing a nullability type specifier (_Nonnull, _Nullable, or _Null_unspecified) [-Wnullability-completeness]\n",
        "                 int (* _Nullable)(void *));\n                                        ^",
        "\n",
        "/usr/local/include/stdio.h:397:41: note: insert '_Nullable' if the pointer may be null\n",
        "                 int (* _Nullable)(void *));\n                                        ^",
        "\n                                         _Nullable\n",
        "/usr/local/include/stdio.h:397:41: note: insert '_Nonnull' if the pointer should never be null\n                 int (* _Nullable)(void *));\n                                        ^\n                                         _Nonnull\n/usr/local/include/stdio.h:393:6: warning: pointer is missing a nullability type specifier (_Nonnull, _Nullable, or _Null_unspecified) [-Wnullability-completeness]\n",
        "FILE    *funopen(const void *,\n        ^\n",
        "/usr/local/include/stdio.h:393:6: note: insert '_Nullable' if the pointer may be null\n",
        "FILE    *funopen(const void *,\n        ^\n          _Nullable \n",
        "/usr/local/include/stdio.h:393:6: note: insert '_Nonnull' if the pointer should never be null\n",
        "FILE    *funopen(const void *,\n        ^\n          _Nonnull \n",
        "193 warnings generated.\n",
        "ar rcs yajl/libstatyajl.a yajl/yajl.o yajl/yajl_alloc.o yajl/yajl_buf.o yajl/yajl_encode.o yajl/yajl_gen.o yajl/yajl_lex.o yajl/yajl_parser.o yajl/yajl_tree.o\nclang -mmacosx-version-min=10.13 -dynamiclib -Wl,-headerpad_max_install_names -undefined dynamic_lookup -single_module -multiply_defined suppress -L/Library/Frameworks/R.framework/Resources/lib -L/usr/local/lib -o jsonlite.so base64.o collapse_array.o collapse_object.o collapse_pretty.o escape_chars.o integer64_to_na.o is_datelist.o is_recordlist.o is_scalarlist.o modp_numtoa.o null_to_na.o num_to_char.o parse.o prettify.o push_parser.o r-base64.o register.o row_collapse.o transpose_list.o validate.o -Lyajl -lstatyajl -F/Library/Frameworks/R.framework/.. -framework R -Wl,-framework -Wl,CoreFoundation\n",
        "installing to /Library/Frameworks/R.framework/Versions/4.1-arm64/Resources/library/00LOCK-jsonlite/00new/jsonlite/libs\n",
        "** R\n",
        "** inst\n",
        "** byte-compile and prepare package for lazy loading\n",
        "in method for asJSON with signature \"AsIs\": no definition for class AsIs\nin method for asJSON with signature \"ITime\": no definition for class ITime\nin method for asJSON with signature \"hms\": no definition for class hms\nin method for asJSON with signature \"json\": no definition for class json\nin method for asJSON with signature \"integer64\": no definition for class integer64\nin method for asJSON with signature \"pairlist\": no definition for class pairlist\nin method for asJSON with signature \"blob\": no definition for class blob\nin method for asJSON with signature \"scalar\": no definition for class scalar\nin method for asJSON with signature \"sf\": no definition for class sf\nin method for asJSON with signature \"sfc\": no definition for class sfc\n",
        "** help\n",
        "*** installing help indices\n",
        "** building package indices\n",
        "** installing vignettes\n",
        "** testing if installed package can be loaded from temporary location\n",
        "** checking absolute paths in shared objects and dynamic libraries\n",
        "** testing if installed package can be loaded from final location\n",
        "** testing if installed package keeps a record of temporary installation path\n",
        "* DONE (jsonlite)\n",
        "* installing *source* package RcppArmadillo ...\n",
        "** package RcppArmadillo successfully unpacked and MD5 sums checked\n",
        "** using staged installation\n",
        "checking whether the C++ compiler works... yes\nchecking for C++ compiler default output file name... a.out\nchecking for suffix of executables... \nchecking whether we are cross compiling... no\nchecking for suffix of object files... o\nchecking whether the compiler supports GNU C++... yes\nchecking whether clang++ -mmacosx-version-min=10.13 -std=gnu++14 accepts -g... yes\nchecking for clang++ -mmacosx-version-min=10.13 -std=gnu++14 option to enable C++11 features... none needed\nchecking how to run the C++ preprocessor... ",
        "clang++ -mmacosx-version-min=10.13 -std=gnu++14 -E\nchecking whether the compiler supports GNU C++... (cached) yes\nchecking whether clang++ -mmacosx-version-min=10.13 -std=gnu++14 accepts -g... (cached) yes\nchecking for clang++ -mmacosx-version-min=10.13 -std=gnu++14 option to enable C++11 features... (cached) none needed\nchecking whether we have a suitable tempdir... /var/folders/t0/54_bcl_57rx8454cs0tfh1_c0000gn/T\nchecking whether R CMD SHLIB can already compile programs using OpenMP... no\nchecking whether g++ version is sufficient... ",
        "almost\n",
        "configure: WARNING: Compiler self-identifies as being compliant with GNUC extensions but is not g++.\n",
        "checking for macOS... found\nchecking for macOS Apple compiler... not found\nchecking for clang compiler... found\nchecking for OpenMP compatible version of clang... not found\n",
        "configure: WARNING: OpenMP unavailable and turned off.\n",
        "checking LAPACK_LIBS... R-supplied partial LAPACK found\n",
        "configure: WARNING: Some complex-valued LAPACK functions may not be available\n",
        "configure: creating ./config.status\nconfig.status: creating inst/include/RcppArmadilloConfigGenerated.h\nconfig.status: creating src/Makevars\n",
        "** libs\n",
        "clang++ -mmacosx-version-min=10.13 -std=gnu++11 -I\"/Library/Frameworks/R.framework/Resources/include\" -DNDEBUG  -I'/Library/Frameworks/R.framework/Versions/4.1-arm64/Resources/library/Rcpp/include' -I/usr/local/include  -I../inst/include  -fPIC  -Wall -g -O2  -c RcppArmadillo.cpp -o RcppArmadillo.o\n",
        "In file included from RcppArmadillo.cpp:21:\nIn file included from ../inst/include/RcppArmadillo.h:29:\nIn file included from ../inst/include/RcppArmadilloForward.h:25:\nIn file included from /Library/Frameworks/R.framework/Versions/4.1-arm64/Resources/library/Rcpp/include/RcppCommon.h:30",
        ":\nIn file included from /Library/Frameworks/R.framework/Versions/4.1-arm64/Resources/library/Rcpp/include/Rcpp/r/headers.h:62:\nIn file included from /Library/Frameworks/R.framework/Versions/4.1-arm64/Resources/library/Rcpp/include/Rcpp/platform/compiler.h:100:\n/Applications/Xcode.app/Contents/Developer/Platforms/MacOSX.platform/Developer/SDKs/MacOSX.sdk/usr/include/c++/v1/cmath:642:26: error: no template named 'numeric_limits'\n",
        "    bool _FloatBigger = (numeric_limits<_FloatT>::digits > numeric_limits<_IntT>::digits),\n                         ^\n",
        "/Applications/Xcode.app/Contents/Developer/Platforms/MacOSX.platform/Developer/SDKs/MacOSX.sdk/usr/include/c++/v1/cmath:642:",
        "60: error: no template named 'numeric_limits'\n",
        "    bool _FloatBigger = (numeric_limits<_FloatT>::digits > numeric_limits<_IntT>::digits),\n                                                           ^\n",
        "/Applications/Xcode.app/Contents/Developer/Platforms/MacOSX.platform/Developer/SDKs/MacOSX.sdk/usr/include/c++/v1/cmath:643:18",
        ": error: no template named 'numeric_limits'\n",
        "    int _Bits = (numeric_limits<_IntT>::digits - numeric_limits<_FloatT>::digits)>\n                 ^",
        "\n",
        "/Applications/Xcode.app/Contents/Developer/Platforms/MacOSX.platform/Developer/SDKs/MacOSX.sdk/usr/include/c++/v1/cmath:643:50",
        ": error: no template named 'numeric_limits'\n    int _Bits = (numeric_limits<_IntT>::digits - numeric_limits<_FloatT>::digits)>\n                                                 ^\n",
        "/Applications/Xcode.app/Contents/Developer/Platforms/MacOSX.platform/Developer/SDKs/MacOSX.sdk/usr/include/c++/v1/cmath:648:",
        "17: error: no template named 'numeric_limits'\n",
        "  static_assert(numeric_limits<_FloatT>::radix == 2, \"FloatT has incorrect radix\");\n                ^",
        "\n",
        "/Applications/Xcode.app/Contents/Developer/Platforms/MacOSX.platform/Developer/SDKs/MacOSX.sdk/usr/include/c++/v1/cmath:651",
        ":25: error: no template named 'numeric_limits'\n",
        "  return _FloatBigger ? numeric_limits<_IntT>::max() :  (numeric_limits<_IntT>::max() >> _Bits << _Bits);\n                        ^\n",
        "/Applications/Xcode.app/Contents/Developer/Platforms/MacOSX.platform/Developer/SDKs/MacOSX.sdk/usr/include/c++/v1/cmath:651:",
        "58: error: no template named 'numeric_limits'\n",
        "  return _FloatBigger ? numeric_limits<_IntT>::max() :  (numeric_limits<_IntT>::max() >> _Bits << _Bits);\n                                                         ^",
        "\n",
        "/Applications/Xcode.app/Contents/Developer/Platforms/MacOSX.platform/Developer/SDKs/MacOSX.sdk/usr/include/c++/v1/cmath:645:",
        "25: error: no return statement in constexpr function\n_LIBCPP_CONSTEXPR _IntT __max_representable_int_for_float() _NOEXCEPT {\n                        ^\n",
        "/Applications/Xcode.app/Contents/Developer/Platforms/MacOSX.platform/Developer/SDKs/MacOSX.sdk/usr/include/c++/v1/cmath:661:",
        "16: error: no template named 'numeric_limits'\n",
        "  using _Lim = numeric_limits<_IntT>;\n               ^\n",
        "/Applications/Xcode.app/Contents/Developer/Platforms/MacOSX.platform/Developer/SDKs/MacOSX.sdk/usr/include/c++/v1/cmath:664:12: error: use of undeclared identifier '_Lim'\n",
        "    return _Lim::max();\n           ^\n",
        "/Applications/Xcode.app/Contents/Developer/Platforms/MacOSX.platform/Developer/SDKs/MacOSX.sdk/usr/include/c++/v1/cmath:665:21",
        ": error: use of undeclared identifier '_Lim'\n  } else if (__r <= _Lim::lowest()) {\n                    ^\n",
        "/Applications/Xcode.app/Contents/Developer/Platforms/MacOSX.platform/Developer/SDKs/MacOSX.sdk/usr/include/c++/v1/cmath:666",
        ":12: error: use of undeclared identifier '_Lim'\n",
        "    return _Lim::min();\n           ^\n",
        "In file included from RcppArmadillo.cpp:21:\nIn file included from ../inst/include/RcppArmadillo.h:29:\nIn file included from ../inst/include/RcppArmadilloForward.h:25:\nIn file included from ",
        "/Library/Frameworks/R.framework/Versions/4.1-arm64/Resources/library/Rcpp/include/RcppCommon.h:30:\nIn file included from /Library/Frameworks/R.framework/Versions/4.1-arm64/Resources/library/Rcpp/include/Rcpp/r/headers.h:62:\nIn file included from /Library/Frameworks/R.framework/Versions/4.1-arm64/Resources/library/Rcpp/include/Rcpp/platform/compiler.h:153:\nIn file included from /Applications/Xcode.app/Contents/Developer/Platforms/MacOSX.platform/Developer/SDKs/MacOSX.sdk/usr/include/c++/v1/unordered_map:437:\nIn file included from /Applications/Xcode.app/Contents/Developer/Platforms/MacOSX.platform/Developer/SDKs/MacOSX.sdk/usr/include/c++/v1/__hash_table:16:\nIn file included from /Applications/Xcode.app/Contents/Developer/Platforms/MacOSX.platform/Developer/SDKs/MacOSX.sdk/usr/include/c++/v1/algorithm:653:\nIn file included from /Applications/Xcode.app/Contents/Developer/Platforms/MacOSX.platform/Developer/SDKs/MacOSX.sdk/usr/include/c++/v1/functional:490:\nIn file included from /Applications/Xcode.app/Contents/Developer/Platforms/MacOSX.platform/Developer/SDKs/MacOSX.sdk/usr/include/c++/v1/__algorithm/search.h:15:\nIn file included from /Applications/Xcode.app/Contents/Developer/Platforms/MacOSX.platform/Developer/SDKs/MacOSX.sdk/usr/include/c++/v1/__iterator/iterator_traits.h:14:\nIn file included from /Applications/Xcode.app/Contents/Developer/Platforms/MacOSX.platform/Developer/SDKs/MacOSX.sdk/usr/include/c++/v1/__iterator/incrementable_traits.h:14:\nIn file included from /Applications/Xcode.app/Contents/Developer/Platforms/MacOSX.platform/Developer/SDKs/MacOSX.sdk/usr/include/c++/v1/concepts:134:\nIn file included from /Applications/Xcode.app/Contents/Developer/Platforms/MacOSX.platform/Developer/SDKs/MacOSX.sdk/usr/include/c++/v1/__functional_base:22:\nIn file included from ",
        "/Applications/Xcode.app/Contents/Developer/Platforms/MacOSX.platform/Developer/SDKs/MacOSX.sdk/usr/include/c++/v1/exception:83:\n/Applications/Xcode.app/Contents/Developer/Platforms/MacOSX.platform/Developer/SDKs/MacOSX.sdk/usr/include/c++/v1/cstdlib:138:9: error: target of using declaration conflicts with declaration already in scope\n",
        "using ::abs _LIBCPP_USING_IF_EXISTS;\n        ^\n",
        "/usr/local/include/stdlib.h:132:",
        "6: ",
        "note: target of using declaration\n",
        "int      abs(int) __pure2;\n         ^\n",
        "/Applications/Xcode.app/Contents/Developer/Platforms/MacOSX.platform/Developer/SDKs/MacOSX.sdk/usr/include/c++/v1/cmath:338:1: note: conflicting declaration",
        "\n",
        "using ::abs _LIBCPP_USING_IF_EXISTS;\n^",
        "\n",
        "In file included from RcppArmadillo.cpp:21:\nIn file included from ../inst/include/RcppArmadillo.h:29:\nIn file included from ../inst/include/RcppArmadilloForward.h:25:\nIn file included from /Library/Frameworks/R.framework/Versions/4.1-arm64/Resources/library/Rcpp/include/RcppCommon.h:65:\n/Applications/Xcode.app/Contents/Developer/Platforms/MacOSX.platform/Developer/SDKs/MacOSX.sdk/usr/include/c++/v1/complex:853:1: error: declaration conflicts with target of using declaration already in scope\nabs(const complex<_Tp>& __c)\n^\n/Applications/Xcode.app/Contents/Developer/Platforms/MacOSX.platform/Developer/SDKs/MacOSX.sdk/usr/include/c++/v1/cmath:338:",
        "1: note: target of using declaration\nusing ::abs _LIBCPP_USING_IF_EXISTS;\n^\n/Applications/Xcode.app/Contents/Developer/Platforms/MacOSX.platform/Developer/SDKs/MacOSX.sdk/usr/include/c++/v1/cmath:338:9: note: using declaration\nusing ::abs _LIBCPP_USING_IF_EXISTS;\n        ^\n",
        "In file included from RcppArmadillo.cpp:21:\n",
        "In file included from ../inst/include/RcppArmadillo.h:29:\nIn file included from ../inst/include/RcppArmadilloForward.h:25",
        ":\nIn file included from /Library/Frameworks/R.framework/Versions/4.1-arm64/Resources/library/Rcpp/include/RcppCommon.h:65:\n/Applications/Xcode.app/Contents/Developer/Platforms/MacOSX.platform/Developer/SDKs/MacOSX.sdk/usr/include/c++/v1/complex:910:16: error: ",
        "reference to unresolved using declaration\n",
        "        return abs(__c.real());\n",
        "               ^",
        "\n",
        "/Applications/Xcode.app/Contents/Developer/Platforms/MacOSX.platform/Developer/SDKs/MacOSX.sdk/usr/include/c++/v1/cmath:338:1",
        ": note: using declaration annotated with 'using_if_exists' here\n",
        "using ::abs _LIBCPP_USING_IF_EXISTS;\n^\n",
        "In file included from RcppArmadillo.cpp:21:\nIn file included from ../inst/include/RcppArmadillo.h:",
        "29:\nIn file included from ../inst/include/RcppArmadilloForward.h:25:\nIn file included from ",
        "/Library/Frameworks/R.framework/Versions/4.1-arm64/Resources/library/Rcpp/include/RcppCommon.h:65:\n/Applications/Xcode.app/Contents/Developer/Platforms/MacOSX.platform/Developer/SDKs/MacOSX.sdk/usr/include/c++/v1/complex:912:16",
        ": error: reference to unresolved using declaration\n",
        "        return abs(__c.imag());\n",
        "               ^\n/Applications/Xcode.app/Contents/Developer/Platforms/MacOSX.platform/Developer/SDKs/MacOSX.sdk/usr/include/c++/v1/cmath:",
        "338:1: note: using declaration annotated with 'using_if_exists' here\n",
        "using ::abs _LIBCPP_USING_IF_EXISTS;\n^\n",
        "In file included from RcppArmadillo.cpp:",
        "21:\nIn file included from ../inst/include/RcppArmadillo.h:29",
        ":\nIn file included from ../inst/include/RcppArmadilloForward.h:25:\nIn file included from /Library/Frameworks/R.framework/Versions/4.1-arm64/Resources/library/Rcpp/include/RcppCommon.h:",
        "65:\n/Applications/Xcode.app/Contents/Developer/Platforms/MacOSX.platform/Developer/SDKs/MacOSX.sdk/usr/include/c++/v1/complex:969:16: ",
        "error: reference to unresolved using declaration\n",
        "        __re = abs(__re);\n               ^",
        "\n",
        "/Applications/Xcode.app/Contents/Developer/Platforms/MacOSX.platform/Developer/SDKs/MacOSX.sdk/usr/include/c++/v1/cmath:338:1",
        ": note: using declaration annotated with 'using_if_exists' here\n",
        "using ::abs _LIBCPP_USING_IF_EXISTS;\n^\n",
        "In file included from RcppArmadillo.cpp:",
        "21:\nIn file included from ../inst/include/RcppArmadillo.h:29:\n",
        "In file included from ../inst/include/RcppArmadilloForward.h:25:\nIn file included from /Library/Frameworks/R.framework/Versions/4.1-arm64/Resources/library/Rcpp/include/RcppCommon.h:65",
        ":\n/Applications/Xcode.app/Contents/Developer/Platforms/MacOSX.platform/Developer/SDKs/MacOSX.sdk/usr/include/c++/v1/complex:1022:29: ",
        "error: reference to unresolved using declaration\n",
        "    return complex<_Tp>(log(abs(__x)), arg(__x));\n",
        "                            ^\n/Applications/Xcode.app/Contents/Developer/Platforms/MacOSX.platform/Developer/SDKs/MacOSX.sdk/usr/include/c++/v1/cmath:338:1",
        ": note: using declaration annotated with 'using_if_exists' here\n",
        "using ::abs _LIBCPP_USING_IF_EXISTS;\n^\n",
        "In file included from RcppArmadillo.cpp:21:\n",
        "In file included from ../inst/include/RcppArmadillo.h:29:\nIn file included from ",
        "../inst/include/RcppArmadilloForward.h:25:\nIn file included from /Library/Frameworks/R.framework/Versions/4.1-arm64/Resources/library/Rcpp/include/RcppCommon.h",
        ":65:\n/Applications/Xcode.app/Contents/Developer/Platforms/MacOSX.platform/Developer/SDKs/MacOSX.sdk/usr/include/c++/v1/complex:1049:",
        "23: error: reference to unresolved using declaration\n",
        "    return polar(sqrt(abs(__x)), arg(__x) / _Tp(2));\n                      ^",
        "\n/Applications/Xcode.app/Contents/Developer/Platforms/MacOSX.platform/Developer/SDKs/MacOSX.sdk/usr/include/c++/v1/cmath:338:1: ",
        "note: using declaration annotated with 'using_if_exists' here\n",
        "using ::abs _LIBCPP_USING_IF_EXISTS;\n^",
        "\n",
        "fatal error: too many errors emitted, stopping now [-ferror-limit=]\n",
        "20 errors generated.\n",
        "make: *** [RcppArmadillo.o] Error 1\n",
        "ERROR: compilation failed for package RcppArmadillo\n",
        "* removing /Library/Frameworks/R.framework/Versions/4.1-arm64/Resources/library/RcppArmadillo\n",
        "* restoring previous /Library/Frameworks/R.framework/Versions/4.1-arm64/Resources/library/RcppArmadillo\n",
        "* installing *source* package readr ...\n",
        "** package readr successfully unpacked and MD5 sums checked\n",
        "** using staged installation\n",
        "** libs\n",
        "clang++ -mmacosx-version-min=10.13 -std=gnu++11 -I\"/Library/Frameworks/R.framework/Resources/include\" -DNDEBUG  -I'/Library/Frameworks/R.framework/Versions/4.1-arm64/Resources/library/cpp11/include' -I'/Library/Frameworks/R.framework/Versions/4.1-arm64/Resources/library/tzdb/include' -I/usr/local/include   -fPIC  -Wall -g -O2  -c Collector.cpp -o Collector.o\nclang++ -mmacosx-version-min=10.13 -std=gnu++11 -I\"/Library/Frameworks/R.framework/Resources/include\" -DNDEBUG  -I'/Library/Frameworks/R.framework/Versions/4.1-arm64/Resources/library/cpp11/include' -I'/Library/Frameworks/R.framework/Versions/4.1-arm64/Resources/library/tzdb/include' -I/usr/local/include   -fPIC  -Wall -g -O2  -c CollectorGuess.cpp -o CollectorGuess.o\n",
        "clang++ -mmacosx-version-min=10.13 -std=gnu++11 -I\"/Library/Frameworks/R.framework/Resources/include\" -DNDEBUG  -I'/Library/Frameworks/R.framework/Versions/4.1-arm64/Resources/library/cpp11/include' -I'/Library/Frameworks/R.framework/Versions/4.1-arm64/Resources/library/tzdb/include' -I/usr/local/include   -fPIC  -Wall -g -O2  -c Iconv.cpp -o Iconv.o\nclang++ -mmacosx-version-min=10.13 -std=gnu++11 -I\"/Library/Frameworks/R.framework/Resources/include\" -DNDEBUG  -I'/Library/Frameworks/R.framework/Versions/4.1-arm64/Resources/library/cpp11/include' -I'/Library/Frameworks/R.framework/Versions/4.1-arm64/Resources/library/tzdb/include' -I/usr/local/include   -fPIC  -Wall -g -O2  -c LocaleInfo.cpp -o LocaleInfo.o\n",
        "In file included from LocaleInfo.cpp:1:\nIn file included from /Library/Frameworks/R.framework/Versions/4.1-arm64/Resources/library/cpp11/include/cpp11/as.hpp:3:\n/Applications/Xcode.app/Contents/Developer/Platforms/MacOSX.platform/Developer/SDKs/MacOSX.sdk/usr/include/c++/v1/cmath:642:26: error: no template named 'numeric_limits'\n",
        "    bool _FloatBigger = (numeric_limits<_FloatT>::digits > numeric_limits<_IntT>::digits),\n                         ^\n",
        "/Applications/Xcode.app/Contents/Developer/Platforms/MacOSX.platform/Developer/SDKs/MacOSX.sdk/usr/include/c++/v1/cmath:642:60: error: no template named 'numeric_limits'\n    bool _FloatBigger = (numeric_limits<_FloatT>::digits > numeric_limits<_IntT>::digits),\n                                                           ^\n",
        "/Applications/Xcode.app/Contents/Developer/Platforms/MacOSX.platform/Developer/SDKs/MacOSX.sdk/usr/include/c++/v1/cmath:643:18: error: no template named 'numeric_limits'\n    int _Bits = (numeric_limits<_IntT>::digits - numeric_limits<_FloatT>::digits)>\n                 ^\n",
        "/Applications/Xcode.app/Contents/Developer/Platforms/MacOSX.platform/Developer/SDKs/MacOSX.sdk/usr/include/c++/v1/cmath:643:50: error: no template named 'numeric_limits'\n    int _Bits = (numeric_limits<_IntT>::digits - numeric_limits<_FloatT>::digits)>\n                                                 ^\n",
        "/Applications/Xcode.app/Contents/Developer/Platforms/MacOSX.platform/Developer/SDKs/MacOSX.sdk/usr/include/c++/v1/cmath:648:17: error: no template named 'numeric_limits'\n  static_assert(numeric_limits<_FloatT>::radix == 2, \"FloatT has incorrect radix\");\n                ^\n",
        "/Applications/Xcode.app/Contents/Developer/Platforms/MacOSX.platform/Developer/SDKs/MacOSX.sdk/usr/include/c++/v1/cmath:651:25: error: no template named 'numeric_limits'\n",
        "  return _FloatBigger ? numeric_limits<_IntT>::max() :  (numeric_limits<_IntT>::max() >> _Bits << _Bits);\n                        ^\n",
        "/Applications/Xcode.app/Contents/Developer/Platforms/MacOSX.platform/Developer/SDKs/MacOSX.sdk/usr/include/c++/v1/cmath:651:58: error: no template named 'numeric_limits'\n  return _FloatBigger ? numeric_limits<_IntT>::max() :  (numeric_limits<_IntT>::max() >> _Bits << _Bits);\n                                                         ^\n",
        "/Applications/Xcode.app/Contents/Developer/Platforms/MacOSX.platform/Developer/SDKs/MacOSX.sdk/usr/include/c++/v1/cmath:645:25: error: no return statement in constexpr function\n_LIBCPP_CONSTEXPR _IntT __max_representable_int_for_float() _NOEXCEPT {\n                        ^\n",
        "/Applications/Xcode.app/Contents/Developer/Platforms/MacOSX.platform/Developer/SDKs/MacOSX.sdk/usr/include/c++/v1/cmath:661:16: error: no template named 'numeric_limits'\n  using _Lim = numeric_limits<_IntT>;\n               ^\n",
        "/Applications/Xcode.app/Contents/Developer/Platforms/MacOSX.platform/Developer/SDKs/MacOSX.sdk/usr/include/c++/v1/cmath:664:12: error: use of undeclared identifier '_Lim'\n    return _Lim::max();\n           ^\n",
        "/Applications/Xcode.app/Contents/Developer/Platforms/MacOSX.platform/Developer/SDKs/MacOSX.sdk/usr/include/c++/v1/cmath:665:21: error: use of undeclared identifier '_Lim'\n  } else if (__r <= _Lim::lowest()) {\n                    ^\n",
        "/Applications/Xcode.app/Contents/Developer/Platforms/MacOSX.platform/Developer/SDKs/MacOSX.sdk/usr/include/c++/v1/cmath:666:12: error: use of undeclared identifier '_Lim'\n    return _Lim::min();\n           ^\n",
        "In file included from LocaleInfo.cpp:1:\nIn file included from /Library/Frameworks/R.framework/Versions/4.1-arm64/Resources/library/cpp11/include/cpp11/as.hpp:5:\nIn file included from /Applications/Xcode.app/Contents/Developer/Platforms/MacOSX.platform/Developer/SDKs/MacOSX.sdk/usr/include/c++/v1/memory:671:\nIn file included from /Applications/Xcode.app/Contents/Developer/Platforms/MacOSX.platform/Developer/SDKs/MacOSX.sdk/usr/include/c++/v1/__functional_base:22:\nIn file included from /Applications/Xcode.app/Contents/Developer/Platforms/MacOSX.platform/Developer/SDKs/MacOSX.sdk/usr/include/c++/v1/exception:83:\n/Applications/Xcode.app/Contents/Developer/Platforms/MacOSX.platform/Developer/SDKs/MacOSX.sdk/usr/include/c++/v1/cstdlib:138:9: error: target of using declaration conflicts with declaration already in scope\nusing ::abs _LIBCPP_USING_IF_EXISTS;\n        ^\n",
        "/usr/local/include/stdlib.h:132:6: note: target of using declaration\nint      abs(int) __pure2;\n         ^\n/Applications/Xcode.app/Contents/Developer/Platforms/MacOSX.platform/Developer/SDKs/MacOSX.sdk/usr/include/c++/v1/cmath:338:1: note: conflicting declaration\n",
        "using ::abs _LIBCPP_USING_IF_EXISTS;\n^\n",
        "13 errors generated.\n",
        "make: *** [LocaleInfo.o] Error 1\n",
        "ERROR: compilation failed for package readr\n",
        "* removing /Library/Frameworks/R.framework/Versions/4.1-arm64/Resources/library/readr\n",
        "* restoring previous /Library/Frameworks/R.framework/Versions/4.1-arm64/Resources/library/readr\n",
        "* installing *source* package OpenImageR ...\n",
        "** package OpenImageR successfully unpacked and MD5 sums checked\n",
        "** using staged installation\n",
        "** libs\n",
        "clang++ -mmacosx-version-min=10.13 -std=gnu++11 -I\"/Library/Frameworks/R.framework/Resources/include\" -DNDEBUG -I../inst/include/ -I'/Library/Frameworks/R.framework/Versions/4.1-arm64/Resources/library/Rcpp/include' -I'/Library/Frameworks/R.framework/Versions/4.1-arm64/Resources/library/RcppArmadillo/include' -I/usr/local/include   -DARMA_64BIT_WORD -fPIC  -Wall -g -O2  -c RcppExports.cpp -o RcppExports.o\n",
        "In file included from RcppExports.cpp:4:\nIn file included from /Library/Frameworks/R.framework/Versions/4.1-arm64/Resources/library/RcppArmadillo/include/RcppArmadillo.h:29:\nIn file included from /Library/Frameworks/R.framework/Versions/4.1-arm64/Resources/library/RcppArmadillo/include/RcppArmadilloForward.h:25:\nIn file included from /Library/Frameworks/R.framework/Versions/4.1-arm64/Resources/library/Rcpp/include/RcppCommon.h:30:\nIn file included from /Library/Frameworks/R.framework/Versions/4.1-arm64/Resources/library/Rcpp/include/Rcpp/r/headers.h:62:\nIn file included from /Library/Frameworks/R.framework/Versions/4.1-arm64/Resources/library/Rcpp/include/Rcpp/platform/compiler.h:100:\n/Applications/Xcode.app/Contents/Developer/Platforms/MacOSX.platform/Developer/SDKs/MacOSX.sdk/usr/include/c++/v1/cmath:642:26: error: no template named 'numeric_limits'\n",
        "    bool _FloatBigger = (numeric_limits<_FloatT>::digits > numeric_limits<_IntT>::digits),\n                         ^\n",
        "/Applications/Xcode.app/Contents/Developer/Platforms/MacOSX.platform/Developer/SDKs/MacOSX.sdk/usr/include/c++/v1/cmath:642:60: error: no template named 'numeric_limits'\n    bool _FloatBigger = (numeric_limits<_FloatT>::digits > numeric_limits<_IntT>::digits),\n                                                           ^\n",
        "/Applications/Xcode.app/Contents/Developer/Platforms/MacOSX.platform/Developer/SDKs/MacOSX.sdk/usr/include/c++/v1/cmath:643:18: error: no template named 'numeric_limits'\n    int _Bits = (numeric_limits<_IntT>::digits - numeric_limits<_FloatT>::digits)>\n                 ^\n",
        "/Applications/Xcode.app/Contents/Developer/Platforms/MacOSX.platform/Developer/SDKs/MacOSX.sdk/usr/include/c++/v1/cmath:643:50: error: no template named 'numeric_limits'\n    int _Bits = (numeric_limits<_IntT>::digits - numeric_limits<_FloatT>::digits)>\n                                                 ^\n",
        "/Applications/Xcode.app/Contents/Developer/Platforms/MacOSX.platform/Developer/SDKs/MacOSX.sdk/usr/include/c++/v1/cmath:648:17: error: no template named 'numeric_limits'\n  static_assert(numeric_limits<_FloatT>::radix == 2, \"FloatT has incorrect radix\");\n                ^\n",
        "/Applications/Xcode.app/Contents/Developer/Platforms/MacOSX.platform/Developer/SDKs/MacOSX.sdk/usr/include/c++/v1/cmath:651:25: error: no template named 'numeric_limits'\n  return _FloatBigger ? numeric_limits<_IntT>::max() :  (numeric_limits<_IntT>::max() >> _Bits << _Bits);\n                        ^\n",
        "/Applications/Xcode.app/Contents/Developer/Platforms/MacOSX.platform/Developer/SDKs/MacOSX.sdk/usr/include/c++/v1/cmath:651:58: error: no template named 'numeric_limits'\n  return _FloatBigger ? numeric_limits<_IntT>::max() :  (numeric_limits<_IntT>::max() >> _Bits << _Bits);\n                                                         ^\n",
        "/Applications/Xcode.app/Contents/Developer/Platforms/MacOSX.platform/Developer/SDKs/MacOSX.sdk/usr/include/c++/v1/cmath:645:25: error: no return statement in constexpr function\n_LIBCPP_CONSTEXPR _IntT __max_representable_int_for_float() _NOEXCEPT {\n                        ^\n",
        "/Applications/Xcode.app/Contents/Developer/Platforms/MacOSX.platform/Developer/SDKs/MacOSX.sdk/usr/include/c++/v1/cmath:661:16: error: no template named 'numeric_limits'\n  using _Lim = numeric_limits<_IntT>;\n               ^\n",
        "/Applications/Xcode.app/Contents/Developer/Platforms/MacOSX.platform/Developer/SDKs/MacOSX.sdk/usr/include/c++/v1/cmath:664:12: error: use of undeclared identifier '_Lim'\n    return _Lim::max();\n           ^\n",
        "/Applications/Xcode.app/Contents/Developer/Platforms/MacOSX.platform/Developer/SDKs/MacOSX.sdk/usr/include/c++/v1/cmath:665:21: error: use of undeclared identifier '_Lim'\n  } else if (__r <= _Lim::lowest()) {\n                    ^\n",
        "/Applications/Xcode.app/Contents/Developer/Platforms/MacOSX.platform/Developer/SDKs/MacOSX.sdk/usr/include/c++/v1/cmath:666:12: error: use of undeclared identifier '_Lim'\n    return _Lim::min();\n           ^\n",
        "In file included from RcppExports.cpp:4:\nIn file included from /Library/Frameworks/R.framework/Versions/4.1-arm64/Resources/library/RcppArmadillo/include/RcppArmadillo.h:29:\nIn file included from /Library/Frameworks/R.framework/Versions/4.1-arm64/Resources/library/RcppArmadillo/include/RcppArmadilloForward.h:25:\nIn file included from /Library/Frameworks/R.framework/Versions/4.1-arm64/Resources/library/Rcpp/include/RcppCommon.h:30:\nIn file included from /Library/Frameworks/R.framework/Versions/4.1-arm64/Resources/library/Rcpp/include/Rcpp/r/headers.h:62:\nIn file included from /Library/Frameworks/R.framework/Versions/4.1-arm64/Resources/library/Rcpp/include/Rcpp/platform/compiler.h:153:\nIn file included from /Applications/Xcode.app/Contents/Developer/Platforms/MacOSX.platform/Developer/SDKs/MacOSX.sdk/usr/include/c++/v1/unordered_map:437:\nIn file included from /Applications/Xcode.app/Contents/Developer/Platforms/MacOSX.platform/Developer/SDKs/MacOSX.sdk/usr/include/c++/v1/__hash_table:16:\nIn file included from /Applications/Xcode.app/Contents/Developer/Platforms/MacOSX.platform/Developer/SDKs/MacOSX.sdk/usr/include/c++/v1/algorithm:653:\nIn file included from /Applications/Xcode.app/Contents/Developer/Platforms/MacOSX.platform/Developer/SDKs/MacOSX.sdk/usr/include/c++/v1/functional:490:\nIn file included from /Applications/Xcode.app/Contents/Developer/Platforms/MacOSX.platform/Developer/SDKs/MacOSX.sdk/usr/include/c++/v1/__algorithm/search.h:15:\nIn file included from /Applications/Xcode.app/Contents/Developer/Platforms/MacOSX.platform/Developer/SDKs/MacOSX.sdk/usr/include/c++/v1/__iterator/iterator_traits.h:14:\nIn file included from /Applications/Xcode.app/Contents/Developer/Platforms/MacOSX.platform/Developer/SDKs/MacOSX.sdk/usr/include/c++/v1/__iterator/incrementable_traits.h:",
        "14:\nIn file included from /Applications/Xcode.app/Contents/Developer/Platforms/MacOSX.platform/Developer/SDKs/MacOSX.sdk/usr/include/c++/v1/concepts:134:\nIn file included from /Applications/Xcode.app/Contents/Developer/Platforms/MacOSX.platform/Developer/SDKs/MacOSX.sdk/usr/include/c++/v1/__functional_base:22:\nIn file included from /Applications/Xcode.app/Contents/Developer/Platforms/MacOSX.platform/Developer/SDKs/MacOSX.sdk/usr/include/c++/v1/exception:83:\n/Applications/Xcode.app/Contents/Developer/Platforms/MacOSX.platform/Developer/SDKs/MacOSX.sdk/usr/include/c++/v1/cstdlib:138:9: error: target of using declaration conflicts with declaration already in scope\nusing ::abs _LIBCPP_USING_IF_EXISTS;\n        ^",
        "\n/usr/local/include/stdlib.h:132:6: note: target of using declaration\n",
        "int      abs(int) __pure2;\n",
        "         ^\n",
        "/Applications/Xcode.app/Contents/Developer/Platforms/MacOSX.platform/Developer/SDKs/MacOSX.sdk/usr/include/c++/v1/cmath:338:1:",
        " note: conflicting declaration\n",
        "using ::abs _LIBCPP_USING_IF_EXISTS;\n^\n",
        "In file included from RcppExports.cpp:4:\nIn file included from /Library/Frameworks/R.framework/Versions/4.1-arm64/Resources/library/RcppArmadillo/include/RcppArmadillo.h:29:\nIn file included from /Library/Frameworks/R.framework/Versions/4.1-arm64/Resources/library/RcppArmadillo/include/RcppArmadilloForward.h:25:\nIn file included from /Library/Frameworks/R.framework/Versions/4.1-arm64/Resources/library/Rcpp/include/RcppCommon.h:65:\n/Applications/Xcode.app/Contents/Developer/Platforms/MacOSX.platform/Developer/SDKs/MacOSX.sdk/usr/include/c++/v1/complex:853:1",
        ": error: declaration conflicts with target of using declaration already in scope\nabs(const complex<_Tp>& __c)\n^\n/Applications/Xcode.app/Contents/Developer/Platforms/MacOSX.platform/Developer/SDKs/MacOSX.sdk/usr/include/c++/v1/cmath:338:1: note: target of using declaration\nusing ::abs _LIBCPP_USING_IF_EXISTS;\n^\n/Applications/Xcode.app/Contents/Developer/Platforms/MacOSX.platform/Developer/SDKs/MacOSX.sdk/usr/include/c++/v1/cmath:338:9: note: using declaration",
        "\nusing ::abs _LIBCPP_USING_IF_EXISTS;",
        "\n        ^\n",
        "In file included from RcppExports.cpp:4:\nIn file included from /Library/Frameworks/R.framework/Versions/4.1-arm64/Resources/library/RcppArmadillo/include/RcppArmadillo.h:29:\nIn file included from /Library/Frameworks/R.framework/Versions/4.1-arm64/Resources/library/RcppArmadillo/include/RcppArmadilloForward.h:25:\nIn file included from /Library/Frameworks/R.framework/Versions/4.1-arm64/Resources/library/Rcpp/include/RcppCommon.h:65:\n/Applications/Xcode.app/Contents/Developer/Platforms/MacOSX.platform/Developer/SDKs/MacOSX.sdk/usr/include/c++/v1/complex:910:16: error: reference to unresolved using declaration\n        return abs(__c.real());\n               ^\n/Applications/Xcode.app/Contents/Developer/Platforms/MacOSX.platform/Developer/SDKs/MacOSX.sdk/usr/include/c++/v1/cmath",
        ":338:1: note: using declaration annotated with 'using_if_exists' here\n",
        "using ::abs _LIBCPP_USING_IF_EXISTS;\n^\n",
        "In file included from RcppExports.cpp:4:\nIn file included from /Library/Frameworks/R.framework/Versions/4.1-arm64/Resources/library/RcppArmadillo/include/RcppArmadillo.h:29:\nIn file included from /Library/Frameworks/R.framework/Versions/4.1-arm64/Resources/library/RcppArmadillo/include/RcppArmadilloForward.h:25:\nIn file included from /Library/Frameworks/R.framework/Versions/4.1-arm64/Resources/library/Rcpp/include/RcppCommon.h:65:\n/Applications/Xcode.app/Contents/Developer/Platforms/MacOSX.platform/Developer/SDKs/MacOSX.sdk/usr/include/c++/v1/complex:912:16: error: reference to unresolved using declaration\n        return abs(__c.imag());\n               ^\n/Applications/Xcode.app/Contents/Developer/Platforms/MacOSX.platform/Developer/SDKs/MacOSX.sdk/usr/include/c++/v1/cmath:338:1: note: using declaration annotated with 'using_if_exists' here\nusing ::abs _LIBCPP_USING_IF_EXISTS;\n^\n",
        "In file included from RcppExports.cpp:4:\nIn file included from /Library/Frameworks/R.framework/Versions/4.1-arm64/Resources/library/RcppArmadillo/include/RcppArmadillo.h:29:\nIn file included from /Library/Frameworks/R.framework/Versions/4.1-arm64/Resources/library/RcppArmadillo/include/RcppArmadilloForward.h:25:\nIn file included from /Library/Frameworks/R.framework/Versions/4.1-arm64/Resources/library/Rcpp/include/RcppCommon.h:65:\n/Applications/Xcode.app/Contents/Developer/Platforms/MacOSX.platform/Developer/SDKs/MacOSX.sdk/usr/include/c++/v1/complex:969:16: error: reference to unresolved using declaration\n        __re = abs(__re);\n               ^\n/Applications/Xcode.app/Contents/Developer/Platforms/MacOSX.platform/Developer/SDKs/MacOSX.sdk/usr/include/c++/v1/cmath:338:1: ",
        "note: using declaration annotated with 'using_if_exists' here\n",
        "using ::abs _LIBCPP_USING_IF_EXISTS;\n^\n",
        "In file included from RcppExports.cpp:4:\nIn file included from /Library/Frameworks/R.framework/Versions/4.1-arm64/Resources/library/RcppArmadillo/include/RcppArmadillo.h:29:\nIn file included from /Library/Frameworks/R.framework/Versions/4.1-arm64/Resources/library/RcppArmadillo/include/RcppArmadilloForward.h:25:\nIn file included from /Library/Frameworks/R.framework/Versions/4.1-arm64/Resources/library/Rcpp/include/RcppCommon.h:65:\n/Applications/Xcode.app/Contents/Developer/Platforms/MacOSX.platform/Developer/SDKs/MacOSX.sdk/usr/include/c++/v1/complex:1022:29: error: reference to unresolved using declaration\n    return complex<_Tp>(log(abs(__x)), arg(__x));\n                            ^\n",
        "/Applications/Xcode.app/Contents/Developer/Platforms/MacOSX.platform/Developer/SDKs/MacOSX.sdk/usr/include/c++/v1/cmath:338:1: note: using declaration annotated with 'using_if_exists' here\n",
        "using ::abs _LIBCPP_USING_IF_EXISTS;\n^",
        "\n",
        "In file included from RcppExports.cpp:4:\nIn file included from /Library/Frameworks/R.framework/Versions/4.1-arm64/Resources/library/RcppArmadillo/include/RcppArmadillo.h:29:\nIn file included from /Library/Frameworks/R.framework/Versions/4.1-arm64/Resources/library/RcppArmadillo/include/RcppArmadilloForward.h:25:\nIn file included from /Library/Frameworks/R.framework/Versions/4.1-arm64/Resources/library/Rcpp/include/RcppCommon.h:65:\n/Applications/Xcode.app/Contents/Developer/Platforms/MacOSX.platform/Developer/SDKs/MacOSX.sdk/usr/include/c++/v1/complex:1049:23: error: reference to unresolved using declaration\n",
        "    return polar(sqrt(abs(__x)), arg(__x) / _Tp(2));\n                      ^\n/Applications/Xcode.app/Contents/Developer/Platforms/MacOSX.platform/Developer/SDKs/MacOSX.sdk/usr/include/c++/v1/cmath:338:1: note: using declaration annotated with 'using_if_exists' here",
        "\n",
        "using ::abs _LIBCPP_USING_IF_EXISTS;\n",
        "^\n",
        "fatal error: too many errors emitted, stopping now [-ferror-limit=]\n",
        "20 errors generated.\n",
        "make: *** [RcppExports.o] Error 1\n",
        "ERROR: compilation failed for package OpenImageR\n",
        "* removing /Library/Frameworks/R.framework/Versions/4.1-arm64/Resources/library/OpenImageR\n",
        "* restoring previous /Library/Frameworks/R.framework/Versions/4.1-arm64/Resources/library/OpenImageR\n",
        "\n",
        "",
        "The downloaded source packages are in\n\t/private/var/folders/t0/54_bcl_57rx8454cs0tfh1_c0000gn/T/Rtmpx0uJfy/downloaded_packages",
        "",
        "\n",
        "Everything went smoothly, R was updated to WARNING: ignoring environment value of R_HOME\n",
        "Also the packages installed on your previous version of R were restored\n",
        "Warning messages:\n",
        "1: packages aCGH, AnnotationDbi, Biobase, BiocGenerics, BiocVersion, Biostrings, EBImage, EnhancedVolcano, flipFormat, flipTime, flipU, GenomeInfoDb, GenomeInfoDbData, ggbiplot, GO.db, graph, hyperdraw, hypergraph, IRanges, KEGGgraph, KEGGREST, mcmseq, mixedup, multtest, org.Hs.eg.db, pathview, Rgraphviz, rhtmlMetro, S4Vectors, topGO, updateR, XVector, zlibbioc are not available for this version of R\n\nVersions of these packages for your version of R might be available elsewhere,\nsee the ideas at\nhttps://cran.r-project.org/doc/manuals/r-patched/R-admin.html#Installing-packages \n",
        "2: ",
        "In install.packages(list_packages()) :",
        "\n ",
        " installation of package RcppArmadillo had non-zero exit status\n",
        "3: ",
        "In install.packages(list_packages()) :",
        "\n ",
        " installation of package readr had non-zero exit status\n",
        "4: ",
        "In install.packages(list_packages()) :",
        "\n ",
        " installation of package OpenImageR had non-zero exit status\n",
        "> ",
        "install.packages(\"bclust\")",
        "Warning in install.packages :\n  package bclust is not available for this version of R\n\nA version of this package for your version of R might be available elsewhere,\nsee the ideas at\nhttps://cran.r-project.org/doc/manuals/r-patched/R-admin.html#Installing-packages\n",
        "> ",
        "install_github(\"vqv/ggbiplot\")",
        "Skipping install of 'ggbiplot' from a github remote, the SHA1 (7325e880) has not changed since last install.\n  Use `force = TRUE` to force installation\n",
        "> ",
        "library(ggbiplot)",
        "> ",
        "library(bclust)",
        "Error in library(bclust) : there is no package called bclust\n",
        "> ",
        "install.packages(\"BHC\")",
        "Warning in install.packages :\n  package BHC is not available for this version of R\n\nA version of this package for your version of R might be available elsewhere,\nsee the ideas at\nhttps://cran.r-project.org/doc/manuals/r-patched/R-admin.html#Installing-packages\n",
        "> ",
        "BiocManager::install(\"BHC\")",
        "'getOption(\"repos\")' replaces Bioconductor standard repositories, see\n'?repositories' for details\n\nreplacement repositories:\n    CRAN: http://ftp.osuosl.org/pub/cran/\n\n",
        "Bioconductor version 3.14 (BiocManager 1.30.18), R 4.1.2 (2021-11-01)\n",
        "Installing package(s) 'BHC'\n",
        "Warning:",
        " unable to access index for repository https://bioconductor.org/packages/3.14/bioc/bin/macosx/big-sur-arm64/contrib/4.1:\n  cannot open URL 'https://bioconductor.org/packages/3.14/bioc/bin/macosx/big-sur-arm64/contrib/4.1/PACKAGES'\n",
        "Warning:",
        " unable to access index for repository https://bioconductor.org/packages/3.14/data/annotation/bin/macosx/big-sur-arm64/contrib/4.1:\n  cannot open URL 'https://bioconductor.org/packages/3.14/data/annotation/bin/macosx/big-sur-arm64/contrib/4.1/PACKAGES'\n",
        "Warning:",
        " unable to access index for repository https://bioconductor.org/packages/3.14/data/experiment/bin/macosx/big-sur-arm64/contrib/4.1:\n  cannot open URL 'https://bioconductor.org/packages/3.14/data/experiment/bin/macosx/big-sur-arm64/contrib/4.1/PACKAGES'\n",
        "Warning:",
        " unable to access index for repository https://bioconductor.org/packages/3.14/workflows/bin/macosx/big-sur-arm64/contrib/4.1:\n  cannot open URL 'https://bioconductor.org/packages/3.14/workflows/bin/macosx/big-sur-arm64/contrib/4.1/PACKAGES'\n",
        "Warning:",
        " unable to access index for repository https://bioconductor.org/packages/3.14/books/bin/macosx/big-sur-arm64/contrib/4.1:\n  cannot open URL 'https://bioconductor.org/packages/3.14/books/bin/macosx/big-sur-arm64/contrib/4.1/PACKAGES'\n",
        "Package which is only available in source form, and may need\n  compilation of C/C++/Fortran: BHC\n",
        "Do you want to attempt to install these from sources? (Yes/no/cancel) ",
        "Yes",
        "installing the source package BHC\n\n",
        "trying URL 'https://bioconductor.org/packages/3.14/bioc/src/contrib/BHC_1.46.0.tar.gz'\n",
        "Content type 'application/octet-stream'",
        " length 184795 bytes (180 KB)\n",
        "=",
        "=",
        "=",
        "=",
        "=",
        "=",
        "=",
        "=",
        "=",
        "=",
        "=",
        "=",
        "=",
        "=",
        "=",
        "=",
        "=",
        "=",
        "=",
        "=",
        "=",
        "=",
        "=",
        "=",
        "=",
        "=",
        "=",
        "=",
        "=",
        "=",
        "=",
        "=",
        "=",
        "=",
        "=",
        "=",
        "=",
        "=",
        "=",
        "=",
        "=",
        "=",
        "=",
        "=",
        "=",
        "=",
        "=",
        "=",
        "=",
        "=",
        "\n",
        "downloaded 180 KB\n\n",
        "* installing *source* package BHC ...\n",
        "** using staged installation\n",
        "checking for gcc... clang -mmacosx-version-min=10.13\nchecking whether the C compiler works... yes\nchecking for C compiler default output file name... a.out\nchecking for suffix of executables... \nchecking whether we are cross compiling... no\nchecking for suffix of object files... o\nchecking whether we are using the GNU C compiler... yes\nchecking whether clang -mmacosx-version-min=10.13 accepts -g... yes\nchecking for clang -mmacosx-version-min=10.13 option to accept ISO C89... none needed\nchecking for clang -mmacosx-version-min=10.13 option to support OpenMP... ",
        "unsupported\n",
        "configure: WARNING: No OpenMP support. If using GCC, upgrade to >= 4.2\n",
        "configure: creating ./config.status\nconfig.status: creating src/Makevars\n",
        "** libs\n",
        "clang++ -mmacosx-version-min=10.13 -std=gnu++14 -I\"/Library/Frameworks/R.framework/Resources/include\" -DNDEBUG   -I/usr/local/include   -fPIC  -Wall -g -O2  -c BlockCovarianceMatrix.cpp -o BlockCovarianceMatrix.o\n",
        "In file included from BlockCovarianceMatrix.cpp:13:\nIn file included from /Applications/Xcode.app/Contents/Developer/Platforms/MacOSX.platform/Developer/SDKs/MacOSX.sdk/usr/include/c++/v1/numeric:149:\n/Applications/Xcode.app/Contents/Developer/Platforms/MacOSX.platform/Developer/SDKs/MacOSX.sdk/usr/include/c++/v1/cmath:642:26:",
        " error: no template named 'numeric_limits'\n",
        "    bool _FloatBigger = (numeric_limits<_FloatT>::digits > numeric_limits<_IntT>::digits),",
        "\n                         ^\n",
        "/Applications/Xcode.app/Contents/Developer/Platforms/MacOSX.platform/Developer/SDKs/MacOSX.sdk/usr/include/c++/v1/cmath:642:60: error: no template named 'numeric_limits'\n    bool _FloatBigger = (numeric_limits<_FloatT>::digits > numeric_limits<_IntT>::digits),\n                                                           ^\n",
        "/Applications/Xcode.app/Contents/Developer/Platforms/MacOSX.platform/Developer/SDKs/MacOSX.sdk/usr/include/c++/v1/cmath:643:",
        "18: error: no template named 'numeric_limits'\n",
        "    int _Bits = (numeric_limits<_IntT>::digits - numeric_limits<_FloatT>::digits)>\n                 ^\n",
        "/Applications/Xcode.app/Contents/Developer/Platforms/MacOSX.platform/Developer/SDKs/MacOSX.sdk/usr/include/c++/v1/cmath:643:50",
        ": error: no template named 'numeric_limits'\n",
        "    int _Bits = (numeric_limits<_IntT>::digits - numeric_limits<_FloatT>::digits)>\n                                                 ^\n",
        "/Applications/Xcode.app/Contents/Developer/Platforms/MacOSX.platform/Developer/SDKs/MacOSX.sdk/usr/include/c++/v1/cmath:648:17",
        ": error: no template named 'numeric_limits'\n",
        "  static_assert(numeric_limits<_FloatT>::radix == 2, \"FloatT has incorrect radix\");\n                ^\n",
        "/Applications/Xcode.app/Contents/Developer/Platforms/MacOSX.platform/Developer/SDKs/MacOSX.sdk/usr/include/c++/v1/cmath:651:25: error: no template named 'numeric_limits'\n",
        "  return _FloatBigger ? numeric_limits<_IntT>::max() :  (numeric_limits<_IntT>::max() >> _Bits << _Bits);\n                        ^\n",
        "/Applications/Xcode.app/Contents/Developer/Platforms/MacOSX.platform/Developer/SDKs/MacOSX.sdk/usr/include/c++/v1/cmath:651:58: error: ",
        "no template named 'numeric_limits'\n",
        "  return _FloatBigger ? numeric_limits<_IntT>::max() :  (numeric_limits<_IntT>::max() >> _Bits << _Bits);\n                                                         ^\n",
        "/Applications/Xcode.app/Contents/Developer/Platforms/MacOSX.platform/Developer/SDKs/MacOSX.sdk/usr/include/c++/v1/cmath:661:16",
        ": error: no template named 'numeric_limits'\n",
        "  using _Lim = numeric_limits<_IntT>;\n               ^\n",
        "/Applications/Xcode.app/Contents/Developer/Platforms/MacOSX.platform/Developer/SDKs/MacOSX.sdk/usr/include/c++/v1/cmath:664:",
        "12: error: use of undeclared identifier '_Lim'\n    return _Lim::max();\n           ^\n",
        "/Applications/Xcode.app/Contents/Developer/Platforms/MacOSX.platform/Developer/SDKs/MacOSX.sdk/usr/include/c++/v1/cmath:665:",
        "21: error: use of undeclared identifier '_Lim'\n",
        "  } else if (__r <= _Lim::lowest()) {\n                    ^\n",
        "/Applications/Xcode.app/Contents/Developer/Platforms/MacOSX.platform/Developer/SDKs/MacOSX.sdk/usr/include/c++/v1/cmath:666:",
        "12: error: use of undeclared identifier '_Lim'\n",
        "    return _Lim::min();\n",
        "           ^",
        "\n",
        "In file included from BlockCovarianceMatrix.cpp:13:\nIn file included from /Applications/Xcode.app/Contents/Developer/Platforms/MacOSX.platform/Developer/SDKs/MacOSX.sdk/usr/include/c++/v1/numeric:150:\nIn file included from /Applications/Xcode.app/Contents/Developer/Platforms/MacOSX.platform/Developer/SDKs/MacOSX.sdk/usr/include/c++/v1/functional:490:\nIn file included from /Applications/Xcode.app/Contents/Developer/Platforms/MacOSX.platform/Developer/SDKs/MacOSX.sdk/usr/include/c++/v1/__algorithm/search.h:15:\nIn file included from /Applications/Xcode.app/Contents/Developer/Platforms/MacOSX.platform/Developer/SDKs/MacOSX.sdk/usr/include/c++/v1/__iterator/iterator_traits.h:14:\nIn file included from /Applications/Xcode.app/Contents/Developer/Platforms/MacOSX.platform/Developer/SDKs/MacOSX.sdk/usr/include/c++/v1/__iterator/incrementable_traits.h:14:\nIn file included from /Applications/Xcode.app/Contents/Developer/Platforms/MacOSX.platform/Developer/SDKs/MacOSX.sdk/usr/include/c++/v1/concepts:134:\nIn file included from /Applications/Xcode.app/Contents/Developer/Platforms/MacOSX.platform/Developer/SDKs/MacOSX.sdk/usr/include/c++/v1/__functional_base:22:\nIn file included from /Applications/Xcode.app/Contents/Developer/Platforms/MacOSX.platform/Developer/SDKs/MacOSX.sdk/usr/include/c++/v1/exception:83:\n/Applications/Xcode.app/Contents/Developer/Platforms/MacOSX.platform/Developer/SDKs/MacOSX.sdk/usr/include/c++/v1/cstdlib:138:9: error: target of using declaration conflicts with declaration already in scope\n",
        "using ::abs _LIBCPP_USING_IF_EXISTS;\n        ^\n/usr/local/include/stdlib.h:132:6: note: target of using declaration\nint      abs(int) __pure2;\n         ^\n/Applications/Xcode.app/Contents/Developer/Platforms/MacOSX.platform/Developer/SDKs/MacOSX.sdk/usr/include/c++/v1/cmath:338:1: note: conflicting declaration\nusing ::abs _LIBCPP_USING_IF_EXISTS;\n^\n",
        "In file included from BlockCovarianceMatrix.cpp:15:\nIn file included from ./BlockCovarianceMatrix.h:16:\n./header.h:16:9: warning: 'NDEBUG' macro redefined [-Wmacro-redefined]\n#define NDEBUG\n        ^\n<command line>:1:9: note: previous definition is here\n",
        "#define NDEBUG 1\n        ^\n",
        "1 warning and 12 errors generated.\n",
        "make: *** [BlockCovarianceMatrix.o] Error 1\n",
        "ERROR: compilation failed for package BHC\n",
        "* removing /Library/Frameworks/R.framework/Versions/4.1-arm64/Resources/library/BHC\n",
        "\n",
        "",
        "The downloaded source packages are in\n\t/private/var/folders/t0/54_bcl_57rx8454cs0tfh1_c0000gn/T/Rtmpx0uJfy/downloaded_packages",
        "",
        "\n",
        "Old packages: 'OpenImageR', 'RcppArmadillo', 'readr'\n",
        "Update all/some/none? [a/s/n]: ",
        "",
        "a",
        "Warning:",
        " unable to access index for repository https://bioconductor.org/packages/3.14/bioc/bin/macosx/big-sur-arm64/contrib/4.1:\n  cannot open URL 'https://bioconductor.org/packages/3.14/bioc/bin/macosx/big-sur-arm64/contrib/4.1/PACKAGES'\n",
        "Warning:",
        " unable to access index for repository https://bioconductor.org/packages/3.14/data/annotation/bin/macosx/big-sur-arm64/contrib/4.1:\n  cannot open URL 'https://bioconductor.org/packages/3.14/data/annotation/bin/macosx/big-sur-arm64/contrib/4.1/PACKAGES'\n",
        "Warning:",
        " unable to access index for repository https://bioconductor.org/packages/3.14/data/experiment/bin/macosx/big-sur-arm64/contrib/4.1:\n  cannot open URL 'https://bioconductor.org/packages/3.14/data/experiment/bin/macosx/big-sur-arm64/contrib/4.1/PACKAGES'\n",
        "Warning:",
        " unable to access index for repository https://bioconductor.org/packages/3.14/workflows/bin/macosx/big-sur-arm64/contrib/4.1:\n  cannot open URL 'https://bioconductor.org/packages/3.14/workflows/bin/macosx/big-sur-arm64/contrib/4.1/PACKAGES'\n",
        "Warning:",
        " unable to access index for repository https://bioconductor.org/packages/3.14/books/bin/macosx/big-sur-arm64/contrib/4.1:\n  cannot open URL 'https://bioconductor.org/packages/3.14/books/bin/macosx/big-sur-arm64/contrib/4.1/PACKAGES'\n",
        "\n  There are binary versions available but the source versions are\n  later:\n                  binary     source needs_compilation\nOpenImageR         1.2.5      1.2.6              TRUE\nRcppArmadillo 0.11.2.4.0 0.11.4.0.1              TRUE\nreadr              2.1.2      2.1.3              TRUE\n\n",
        "Do you want to install from sources the packages which need compilation? (Yes/no/cancel) ",
        "YEs",
        "installing the source packages OpenImageR, RcppArmadillo, readr\n\n",
        "trying URL 'http://ftp.osuosl.org/pub/cran/src/contrib/OpenImageR_1.2.6.tar.gz'\n",
        "Content type 'application/x-gzip'",
        " length 3722157 bytes (3.5 MB)\n",
        "=",
        "=",
        "=",
        "=",
        "=",
        "=",
        "=",
        "=",
        "=",
        "=",
        "=",
        "=",
        "=",
        "=",
        "=",
        "=",
        "=",
        "=",
        "=",
        "=",
        "=",
        "=",
        "=",
        "=",
        "=",
        "=",
        "=",
        "=",
        "=",
        "=",
        "=",
        "=",
        "=",
        "=",
        "=",
        "=",
        "=",
        "=",
        "=",
        "=",
        "=",
        "=",
        "=",
        "=",
        "=",
        "=",
        "=",
        "=",
        "=",
        "=",
        "\n",
        "downloaded 3.5 MB\n\n",
        "trying URL 'http://ftp.osuosl.org/pub/cran/src/contrib/RcppArmadillo_0.11.4.0.1.tar.gz'\n",
        "Content type 'application/x-gzip'",
        " length 1369973 bytes (1.3 MB)\n",
        "=",
        "=",
        "=",
        "=",
        "=",
        "=",
        "=",
        "=",
        "=",
        "=",
        "=",
        "=",
        "=",
        "=",
        "=",
        "=",
        "=",
        "=",
        "=",
        "=",
        "=",
        "=",
        "=",
        "=",
        "=",
        "=",
        "=",
        "=",
        "=",
        "=",
        "=",
        "=",
        "=",
        "=",
        "=",
        "=",
        "=",
        "=",
        "=",
        "=",
        "=",
        "=",
        "=",
        "=",
        "=",
        "=",
        "=",
        "=",
        "=",
        "=",
        "\n",
        "downloaded 1.3 MB\n\n",
        "trying URL 'http://ftp.osuosl.org/pub/cran/src/contrib/readr_2.1.3.tar.gz'\n",
        "Content type 'application/x-gzip'",
        " length 301790 bytes (294 KB)\n",
        "=",
        "=",
        "=",
        "=",
        "=",
        "=",
        "=",
        "=",
        "=",
        "=",
        "=",
        "=",
        "=",
        "=",
        "=",
        "=",
        "=",
        "=",
        "=",
        "=",
        "=",
        "=",
        "=",
        "=",
        "=",
        "=",
        "=",
        "=",
        "=",
        "=",
        "=",
        "=",
        "=",
        "=",
        "=",
        "=",
        "=",
        "=",
        "=",
        "=",
        "=",
        "=",
        "=",
        "=",
        "=",
        "=",
        "=",
        "=",
        "=",
        "=",
        "\n",
        "downloaded 294 KB\n\n",
        "* installing *source* package RcppArmadillo ...\n",
        "** package RcppArmadillo successfully unpacked and MD5 sums checked\n",
        "** using staged installation\n",
        "checking whether the C++ compiler works... yes\nchecking for C++ compiler default output file name... a.out\nchecking for suffix of executables... \nchecking whether we are cross compiling... no\nchecking for suffix of object files... o\nchecking whether the compiler supports GNU C++... yes\nchecking whether clang++ -mmacosx-version-min=10.13 -std=gnu++14 accepts -g... yes\nchecking for clang++ -mmacosx-version-min=10.13 -std=gnu++14 option to enable C++11 features... none needed\nchecking how to run the C++ preprocessor... ",
        "clang++ -mmacosx-version-min=10.13 -std=gnu++14 -E\nchecking whether the compiler supports GNU C++... (cached) yes\nchecking whether clang++ -mmacosx-version-min=10.13 -std=gnu++14 accepts -g... (cached) yes\nchecking for clang++ -mmacosx-version-min=10.13 -std=gnu++14 option to enable C++11 features... (cached) none needed\nchecking whether we have a suitable tempdir... /var/folders/t0/54_bcl_57rx8454cs0tfh1_c0000gn/T\nchecking whether R CMD SHLIB can already compile programs using OpenMP... no\nchecking whether g++ version is sufficient... ",
        "almost\n",
        "configure: WARNING: Compiler self-identifies as being compliant with GNUC extensions but is not g++.\n",
        "checking for macOS... found\nchecking for macOS Apple compiler... not found\nchecking for clang compiler... found\nchecking for OpenMP compatible version of clang... not found\n",
        "configure: WARNING: OpenMP unavailable and turned off.\n",
        "checking LAPACK_LIBS... R-supplied partial LAPACK found\n",
        "configure: WARNING: Some complex-valued LAPACK functions may not be available\n",
        "configure: creating ./config.status\nconfig.status: creating inst/include/RcppArmadilloConfigGenerated.h\nconfig.status: creating src/Makevars\n",
        "** libs\n",
        "clang++ -mmacosx-version-min=10.13 -std=gnu++11 -I\"/Library/Frameworks/R.framework/Resources/include\" -DNDEBUG  -I'/Library/Frameworks/R.framework/Versions/4.1-arm64/Resources/library/Rcpp/include' -I/usr/local/include  -I../inst/include  -fPIC  -Wall -g -O2  -c RcppArmadillo.cpp -o RcppArmadillo.o\n",
        "In file included from RcppArmadillo.cpp:21:\nIn file included from ../inst/include/RcppArmadillo.h:29:\nIn file included from ../inst/include/RcppArmadilloForward.h:25:\nIn file included from /Library/Frameworks/R.framework/Versions/4.1-arm64/Resources/library/Rcpp/include/RcppCommon.h:30:\nIn file included from /Library/Frameworks/R.framework/Versions/4.1-arm64/Resources/library/Rcpp/include/Rcpp/r/headers.h:62:\nIn file included from /Library/Frameworks/R.framework/Versions/4.1-arm64/Resources/library/Rcpp/include/Rcpp/platform/compiler.h:100:\n/Applications/Xcode.app/Contents/Developer/Platforms/MacOSX.platform/Developer/SDKs/MacOSX.sdk/usr/include/c++/v1/cmath:642:26: error: no template named 'numeric_limits'\n",
        "    bool _FloatBigger = (numeric_limits<_FloatT>::digits > numeric_limits<_IntT>::digits),\n                         ^\n",
        "/Applications/Xcode.app/Contents/Developer/Platforms/MacOSX.platform/Developer/SDKs/MacOSX.sdk/usr/include/c++/v1/cmath:642:60: error: no template named 'numeric_limits'\n    bool _FloatBigger = (numeric_limits<_FloatT>::digits > numeric_limits<_IntT>::digits),\n                                                           ^\n",
        "/Applications/Xcode.app/Contents/Developer/Platforms/MacOSX.platform/Developer/SDKs/MacOSX.sdk/usr/include/c++/v1/cmath:643:18: error: no template named 'numeric_limits'\n    int _Bits = (numeric_limits<_IntT>::digits - numeric_limits<_FloatT>::digits)>\n                 ^\n",
        "/Applications/Xcode.app/Contents/Developer/Platforms/MacOSX.platform/Developer/SDKs/MacOSX.sdk/usr/include/c++/v1/cmath:643:50: error: no template named 'numeric_limits'\n    int _Bits = (numeric_limits<_IntT>::digits - numeric_limits<_FloatT>::digits)>\n                                                 ^\n",
        "/Applications/Xcode.app/Contents/Developer/Platforms/MacOSX.platform/Developer/SDKs/MacOSX.sdk/usr/include/c++/v1/cmath:648:17: error: no template named 'numeric_limits'\n  static_assert(numeric_limits<_FloatT>::radix == 2, \"FloatT has incorrect radix\");\n                ^\n",
        "/Applications/Xcode.app/Contents/Developer/Platforms/MacOSX.platform/Developer/SDKs/MacOSX.sdk/usr/include/c++/v1/cmath:651:25: error: no template named 'numeric_limits'\n  return _FloatBigger ? numeric_limits<_IntT>::max() :  (numeric_limits<_IntT>::max() >> _Bits << _Bits);\n                        ^\n",
        "/Applications/Xcode.app/Contents/Developer/Platforms/MacOSX.platform/Developer/SDKs/MacOSX.sdk/usr/include/c++/v1/cmath:651:58: error: no template named 'numeric_limits'\n  return _FloatBigger ? numeric_limits<_IntT>::max() :  (numeric_limits<_IntT>::max() >> _Bits << _Bits);\n                                                         ^\n",
        "/Applications/Xcode.app/Contents/Developer/Platforms/MacOSX.platform/Developer/SDKs/MacOSX.sdk/usr/include/c++/v1/cmath:645:25: error: no return statement in constexpr function\n_LIBCPP_CONSTEXPR _IntT __max_representable_int_for_float() _NOEXCEPT {\n                        ^\n",
        "/Applications/Xcode.app/Contents/Developer/Platforms/MacOSX.platform/Developer/SDKs/MacOSX.sdk/usr/include/c++/v1/cmath:661:16: error: no template named 'numeric_limits'\n  using _Lim = numeric_limits<_IntT>;\n               ^\n",
        "/Applications/Xcode.app/Contents/Developer/Platforms/MacOSX.platform/Developer/SDKs/MacOSX.sdk/usr/include/c++/v1/cmath:664:12: error: use of undeclared identifier '_Lim'\n    return _Lim::max();\n           ^\n",
        "/Applications/Xcode.app/Contents/Developer/Platforms/MacOSX.platform/Developer/SDKs/MacOSX.sdk/usr/include/c++/v1/cmath:665:21: error: use of undeclared identifier '_Lim'\n  } else if (__r <= _Lim::lowest()) {\n                    ^\n",
        "/Applications/Xcode.app/Contents/Developer/Platforms/MacOSX.platform/Developer/SDKs/MacOSX.sdk/usr/include/c++/v1/cmath:666:12:",
        " error: use of undeclared identifier '_Lim'\n    return _Lim::min();",
        "\n           ^\n",
        "In file included from RcppArmadillo.cpp:21:\nIn file included from ../inst/include/RcppArmadillo.h:29:\nIn file included from ../inst/include/RcppArmadilloForward.h:25:\nIn file included from /Library/Frameworks/R.framework/Versions/4.1-arm64/Resources/library/Rcpp/include/RcppCommon.h:30:\nIn file included from /Library/Frameworks/R.framework/Versions/4.1-arm64/Resources/library/Rcpp/include/Rcpp/r/headers.h:62:\nIn file included from /Library/Frameworks/R.framework/Versions/4.1-arm64/Resources/library/Rcpp/include/Rcpp/platform/compiler.h:153:\nIn file included from /Applications/Xcode.app/Contents/Developer/Platforms/MacOSX.platform/Developer/SDKs/MacOSX.sdk/usr/include/c++/v1/unordered_map:437:\nIn file included from /Applications/Xcode.app/Contents/Developer/Platforms/MacOSX.platform/Developer/SDKs/MacOSX.sdk/usr/include/c++/v1/__hash_table:16:\nIn file included from /Applications/Xcode.app/Contents/Developer/Platforms/MacOSX.platform/Developer/SDKs/MacOSX.sdk/usr/include/c++/v1/algorithm:653:\nIn file included from /Applications/Xcode.app/Contents/Developer/Platforms/MacOSX.platform/Developer/SDKs/MacOSX.sdk/usr/include/c++/v1/functional:490:\nIn file included from /Applications/Xcode.app/Contents/Developer/Platforms/MacOSX.platform/Developer/SDKs/MacOSX.sdk/usr/include/c++/v1/__algorithm/search.h:15:\nIn file included from /Applications/Xcode.app/Contents/Developer/Platforms/MacOSX.platform/Developer/SDKs/MacOSX.sdk/usr/include/c++/v1/__iterator/iterator_traits.h:14:\nIn file included from /Applications/Xcode.app/Contents/Developer/Platforms/MacOSX.platform/Developer/SDKs/MacOSX.sdk/usr/include/c++/v1/__iterator/incrementable_traits.h:14:\nIn file included from /Applications/Xcode.app/Contents/Developer/Platforms/MacOSX.platform/Developer/SDKs/MacOSX.sdk/usr/include/c++/v1/concepts:134:\nIn file included from /Applications/Xcode.app/Contents/Developer/Platforms/MacOSX.platform/Developer/SDKs/MacOSX.sdk/usr/include/c++/v1/__functional_base:22:\nIn file included from /Applications/Xcode.app/Contents/Developer/Platforms/MacOSX.platform/Developer/SDKs/MacOSX.sdk/usr/include/c++/v1/exception",
        ":83:\n/Applications/Xcode.app/Contents/Developer/Platforms/MacOSX.platform/Developer/SDKs/MacOSX.sdk/usr/include/c++/v1/cstdlib:138:9: error: target of using declaration conflicts with declaration already in scope\nusing ::abs _LIBCPP_USING_IF_EXISTS;\n        ^\n/usr/local/include/stdlib.h:132:6: note: target of using declaration\nint      abs(int) __pure2;\n         ^\n/Applications/Xcode.app/Contents/Developer/Platforms/MacOSX.platform/Developer/SDKs/MacOSX.sdk/usr/include/c++/v1/cmath:338",
        ":1: note: conflicting declaration\n",
        "using ::abs _LIBCPP_USING_IF_EXISTS;\n",
        "^\n",
        "In file included from RcppArmadillo.cpp:21:\nIn file included from ../inst/include/RcppArmadillo.h:29:\nIn file included from ../inst/include/RcppArmadilloForward.h:25:\nIn file included from /Library/Frameworks/R.framework/Versions/4.1-arm64/Resources/library/Rcpp/include/RcppCommon.h:65:\n/Applications/Xcode.app/Contents/Developer/Platforms/MacOSX.platform/Developer/SDKs/MacOSX.sdk/usr/include/c++/v1/complex:853:1: error: declaration conflicts with target of using declaration already in scope\nabs(const complex<_Tp>& __c)\n^\n/Applications/Xcode.app/Contents/Developer/Platforms/MacOSX.platform/Developer/SDKs/MacOSX.sdk/usr/include/c++/v1/cmath:338:1: note: target of using declaration\n",
        "using ::abs _LIBCPP_USING_IF_EXISTS;\n^\n/Applications/Xcode.app/Contents/Developer/Platforms/MacOSX.platform/Developer/SDKs/MacOSX.sdk/usr/include/c++/v1/cmath:338:9: note: using declaration\nusing ::abs _LIBCPP_USING_IF_EXISTS;\n        ^\n",
        "In file included from RcppArmadillo.cpp:21",
        ":\nIn file included from ../inst/include/RcppArmadillo.h:29:\nIn file included from ../inst/include/RcppArmadilloForward.h:25:\n",
        "In file included from /Library/Frameworks/R.framework/Versions/4.1-arm64/Resources/library/Rcpp/include/RcppCommon.h:65:\n/Applications/Xcode.app/Contents/Developer/Platforms/MacOSX.platform/Developer/SDKs/MacOSX.sdk/usr/include/c++/v1/complex:910:16: error: reference to unresolved using declaration\n",
        "        return abs(__c.real());\n               ^\n",
        "/Applications/Xcode.app/Contents/Developer/Platforms/MacOSX.platform/Developer/SDKs/MacOSX.sdk/usr/include/c++/v1/cmath:338:1: note: ",
        "using declaration annotated with 'using_if_exists' here\n",
        "using ::abs _LIBCPP_USING_IF_EXISTS;\n^\n",
        "In file included from RcppArmadillo.cpp:21:\nIn file included from ../inst/include/RcppArmadillo.h",
        ":29:\nIn file included from ../inst/include/RcppArmadilloForward.h:25:\nIn file included from /Library/Frameworks/R.framework/Versions/4.1-arm64/Resources/library/Rcpp/include/RcppCommon.h:65:\n/Applications/Xcode.app/Contents/Developer/Platforms/MacOSX.platform/Developer/SDKs/MacOSX.sdk/usr/include/c++/v1/complex:912:16: error: reference to unresolved using declaration\n",
        "        return abs(__c.imag());\n               ^\n/Applications/Xcode.app/Contents/Developer/Platforms/MacOSX.platform/Developer/SDKs/MacOSX.sdk/usr/include/c++/v1/cmath",
        ":338:1: note: using declaration annotated with 'using_if_exists' here\n",
        "using ::abs _LIBCPP_USING_IF_EXISTS;\n",
        "^\n",
        "In file included from RcppArmadillo.cpp:21",
        ":\nIn file included from ../inst/include/RcppArmadillo.h:29:\nIn file included from ../inst/include/RcppArmadilloForward.h:",
        "25:\nIn file included from /Library/Frameworks/R.framework/Versions/4.1-arm64/Resources/library/Rcpp/include/RcppCommon.h:65:\n/Applications/Xcode.app/Contents/Developer/Platforms/MacOSX.platform/Developer/SDKs/MacOSX.sdk/usr/include/c++/v1/complex:969",
        ":16: error: reference to unresolved using declaration\n",
        "        __re = abs(__re);\n               ^\n",
        "/Applications/Xcode.app/Contents/Developer/Platforms/MacOSX.platform/Developer/SDKs/MacOSX.sdk/usr/include/c++/v1/cmath:338:1: note: ",
        "using declaration annotated with 'using_if_exists' here\n",
        "using ::abs _LIBCPP_USING_IF_EXISTS;\n^\n",
        "In file included from RcppArmadillo.cpp:21",
        ":\nIn file included from ../inst/include/RcppArmadillo.h:29:\nIn file included from ../inst/include/RcppArmadilloForward.h",
        ":25:\nIn file included from /Library/Frameworks/R.framework/Versions/4.1-arm64/Resources/library/Rcpp/include/RcppCommon.h:65:\n/Applications/Xcode.app/Contents/Developer/Platforms/MacOSX.platform/Developer/SDKs/MacOSX.sdk/usr/include/c++/v1/complex:",
        "1022:29: error: reference to unresolved using declaration\n",
        "    return complex<_Tp>(log(abs(__x)), arg(__x));\n                            ^\n",
        "/Applications/Xcode.app/Contents/Developer/Platforms/MacOSX.platform/Developer/SDKs/MacOSX.sdk/usr/include/c++/v1/cmath:338:1: note: using declaration annotated with 'using_if_exists' here\n",
        "using ::abs _LIBCPP_USING_IF_EXISTS;\n^\n",
        "In file included from RcppArmadillo.cpp:21",
        ":\nIn file included from ../inst/include/RcppArmadillo.h:29:\nIn file included from ../inst/include/RcppArmadilloForward.h:25:\n",
        "In file included from /Library/Frameworks/R.framework/Versions/4.1-arm64/Resources/library/Rcpp/include/RcppCommon.h:65:\n/Applications/Xcode.app/Contents/Developer/Platforms/MacOSX.platform/Developer/SDKs/MacOSX.sdk/usr/include/c++/v1/complex:1049:23",
        ": error: reference to unresolved using declaration\n",
        "    return polar(sqrt(abs(__x)), arg(__x) / _Tp(2));\n                      ^",
        "\n/Applications/Xcode.app/Contents/Developer/Platforms/MacOSX.platform/Developer/SDKs/MacOSX.sdk/usr/include/c++/v1/cmath:338",
        ":1: note: using declaration annotated with 'using_if_exists' here\n",
        "using ::abs _LIBCPP_USING_IF_EXISTS;\n^\n",
        "fatal error: too many errors emitted, stopping now [-ferror-limit=]\n",
        "20 errors generated.\n",
        "make: *** [RcppArmadillo.o] Error 1\n",
        "ERROR: compilation failed for package RcppArmadillo\n",
        "* removing /Library/Frameworks/R.framework/Versions/4.1-arm64/Resources/library/RcppArmadillo\n",
        "* restoring previous /Library/Frameworks/R.framework/Versions/4.1-arm64/Resources/library/RcppArmadillo\n",
        "* installing *source* package readr ...\n",
        "** package readr successfully unpacked and MD5 sums checked\n",
        "** using staged installation\n",
        "** libs\n",
        "clang++ -mmacosx-version-min=10.13 -std=gnu++11 -I\"/Library/Frameworks/R.framework/Resources/include\" -DNDEBUG  -I'/Library/Frameworks/R.framework/Versions/4.1-arm64/Resources/library/cpp11/include' -I'/Library/Frameworks/R.framework/Versions/4.1-arm64/Resources/library/tzdb/include' -I/usr/local/include   -fPIC  -Wall -g -O2  -c Collector.cpp -o Collector.o\nclang++ -mmacosx-version-min=10.13 -std=gnu++11 -I\"/Library/Frameworks/R.framework/Resources/include\" -DNDEBUG  -I'/Library/Frameworks/R.framework/Versions/4.1-arm64/Resources/library/cpp11/include' -I'/Library/Frameworks/R.framework/Versions/4.1-arm64/Resources/library/tzdb/include' -I/usr/local/include   -fPIC  -Wall -g -O2  -c CollectorGuess.cpp -o CollectorGuess.o\n",
        "clang++ -mmacosx-version-min=10.13 -std=gnu++11 -I\"/Library/Frameworks/R.framework/Resources/include\" -DNDEBUG  -I'/Library/Frameworks/R.framework/Versions/4.1-arm64/Resources/library/cpp11/include' -I'/Library/Frameworks/R.framework/Versions/4.1-arm64/Resources/library/tzdb/include' -I/usr/local/include   -fPIC  -Wall -g -O2  -c Iconv.cpp -o Iconv.o\nclang++ -mmacosx-version-min=10.13 -std=gnu++11 -I\"/Library/Frameworks/R.framework/Resources/include\" -DNDEBUG  -I'/Library/Frameworks/R.framework/Versions/4.1-arm64/Resources/library/cpp11/include' -I'/Library/Frameworks/R.framework/Versions/4.1-arm64/Resources/library/tzdb/include' -I/usr/local/include   -fPIC  -Wall -g -O2  -c LocaleInfo.cpp -o LocaleInfo.o\n",
        "In file included from LocaleInfo.cpp:1:\nIn file included from /Library/Frameworks/R.framework/Versions/4.1-arm64/Resources/library/cpp11/include/cpp11/as.hpp:3:\n/Applications/Xcode.app/Contents/Developer/Platforms/MacOSX.platform/Developer/SDKs/MacOSX.sdk/usr/include/c++/v1/cmath:642:26: error: no template named 'numeric_limits'\n",
        "    bool _FloatBigger = (numeric_limits<_FloatT>::digits > numeric_limits<_IntT>::digits),\n                         ^\n",
        "/Applications/Xcode.app/Contents/Developer/Platforms/MacOSX.platform/Developer/SDKs/MacOSX.sdk/usr/include/c++/v1/cmath:642:60: error: no template named 'numeric_limits'\n    bool _FloatBigger = (numeric_limits<_FloatT>::digits > numeric_limits<_IntT>::digits),\n                                                           ^\n",
        "/Applications/Xcode.app/Contents/Developer/Platforms/MacOSX.platform/Developer/SDKs/MacOSX.sdk/usr/include/c++/v1/cmath:643:18: error: no template named 'numeric_limits'\n    int _Bits = (numeric_limits<_IntT>::digits - numeric_limits<_FloatT>::digits)>\n                 ^\n",
        "/Applications/Xcode.app/Contents/Developer/Platforms/MacOSX.platform/Developer/SDKs/MacOSX.sdk/usr/include/c++/v1/cmath:643:50: error: no template named 'numeric_limits'\n    int _Bits = (numeric_limits<_IntT>::digits - numeric_limits<_FloatT>::digits)>\n                                                 ^\n",
        "/Applications/Xcode.app/Contents/Developer/Platforms/MacOSX.platform/Developer/SDKs/MacOSX.sdk/usr/include/c++/v1/cmath:648:17: error: no template named 'numeric_limits'\n  static_assert(numeric_limits<_FloatT>::radix == 2, \"FloatT has incorrect radix\");\n                ^\n",
        "/Applications/Xcode.app/Contents/Developer/Platforms/MacOSX.platform/Developer/SDKs/MacOSX.sdk/usr/include/c++/v1/cmath:651:25: error: no template named 'numeric_limits'\n  return _FloatBigger ? numeric_limits<_IntT>::max() :  (numeric_limits<_IntT>::max() >> _Bits << _Bits);\n                        ^\n",
        "/Applications/Xcode.app/Contents/Developer/Platforms/MacOSX.platform/Developer/SDKs/MacOSX.sdk/usr/include/c++/v1/cmath:651:58: error: no template named 'numeric_limits'\n  return _FloatBigger ? numeric_limits<_IntT>::max() :  (numeric_limits<_IntT>::max() >> _Bits << _Bits);\n                                                         ^\n",
        "/Applications/Xcode.app/Contents/Developer/Platforms/MacOSX.platform/Developer/SDKs/MacOSX.sdk/usr/include/c++/v1/cmath:645:25: error: no return statement in constexpr function\n_LIBCPP_CONSTEXPR _IntT __max_representable_int_for_float() _NOEXCEPT {\n                        ^\n",
        "/Applications/Xcode.app/Contents/Developer/Platforms/MacOSX.platform/Developer/SDKs/MacOSX.sdk/usr/include/c++/v1/cmath:661:16: error: no template named 'numeric_limits'\n  using _Lim = numeric_limits<_IntT>;\n               ^\n",
        "/Applications/Xcode.app/Contents/Developer/Platforms/MacOSX.platform/Developer/SDKs/MacOSX.sdk/usr/include/c++/v1/cmath:664:12: error: use of undeclared identifier '_Lim'\n    return _Lim::max();\n           ^\n",
        "/Applications/Xcode.app/Contents/Developer/Platforms/MacOSX.platform/Developer/SDKs/MacOSX.sdk/usr/include/c++/v1/cmath:665:21: error: use of undeclared identifier '_Lim'\n  } else if (__r <= _Lim::lowest()) {\n                    ^\n",
        "/Applications/Xcode.app/Contents/Developer/Platforms/MacOSX.platform/Developer/SDKs/MacOSX.sdk/usr/include/c++/v1/cmath:666:12: error: use of undeclared identifier '_Lim'\n    return _Lim::min();\n           ^\n",
        "In file included from LocaleInfo.cpp:1:\nIn file included from /Library/Frameworks/R.framework/Versions/4.1-arm64/Resources/library/cpp11/include/cpp11/as.hpp:5:\nIn file included from /Applications/Xcode.app/Contents/Developer/Platforms/MacOSX.platform/Developer/SDKs/MacOSX.sdk/usr/include/c++/v1/memory:671:\nIn file included from /Applications/Xcode.app/Contents/Developer/Platforms/MacOSX.platform/Developer/SDKs/MacOSX.sdk/usr/include/c++/v1/__functional_base:22:\nIn file included from /Applications/Xcode.app/Contents/Developer/Platforms/MacOSX.platform/Developer/SDKs/MacOSX.sdk/usr/include/c++/v1/exception:83:\n/Applications/Xcode.app/Contents/Developer/Platforms/MacOSX.platform/Developer/SDKs/MacOSX.sdk/usr/include/c++/v1/cstdlib:138:9: error: target of using declaration conflicts with declaration already in scope\nusing ::abs _LIBCPP_USING_IF_EXISTS;\n        ^\n",
        "/usr/local/include/stdlib.h:132:6: note: target of using declaration\nint      abs(int) __pure2;\n         ^\n/Applications/Xcode.app/Contents/Developer/Platforms/MacOSX.platform/Developer/SDKs/MacOSX.sdk/usr/include/c++/v1/cmath:338:1: note: conflicting declaration\n",
        "using ::abs _LIBCPP_USING_IF_EXISTS;\n^\n",
        "13 errors generated.\n",
        "make: *** [LocaleInfo.o] Error 1\n",
        "ERROR: compilation failed for package readr\n",
        "* removing /Library/Frameworks/R.framework/Versions/4.1-arm64/Resources/library/readr\n",
        "* restoring previous /Library/Frameworks/R.framework/Versions/4.1-arm64/Resources/library/readr\n",
        "* installing *source* package OpenImageR ...\n",
        "** package OpenImageR successfully unpacked and MD5 sums checked\n",
        "** using staged installation\n",
        "** libs\n",
        "clang++ -mmacosx-version-min=10.13 -std=gnu++11 -I\"/Library/Frameworks/R.framework/Resources/include\" -DNDEBUG -I../inst/include/ -I'/Library/Frameworks/R.framework/Versions/4.1-arm64/Resources/library/Rcpp/include' -I'/Library/Frameworks/R.framework/Versions/4.1-arm64/Resources/library/RcppArmadillo/include' -I/usr/local/include   -DARMA_64BIT_WORD -fPIC  -Wall -g -O2  -c RcppExports.cpp -o RcppExports.o\n",
        "In file included from RcppExports.cpp:4:\nIn file included from /Library/Frameworks/R.framework/Versions/4.1-arm64/Resources/library/RcppArmadillo/include/RcppArmadillo.h:29:\nIn file included from /Library/Frameworks/R.framework/Versions/4.1-arm64/Resources/library/RcppArmadillo/include/RcppArmadilloForward.h:25:\nIn file included from /Library/Frameworks/R.framework/Versions/4.1-arm64/Resources/library/Rcpp/include/RcppCommon.h:30:\nIn file included from /Library/Frameworks/R.framework/Versions/4.1-arm64/Resources/library/Rcpp/include/Rcpp/r/headers.h:62:\nIn file included from /Library/Frameworks/R.framework/Versions/4.1-arm64/Resources/library/Rcpp/include/Rcpp/platform/compiler.h:100:\n/Applications/Xcode.app/Contents/Developer/Platforms/MacOSX.platform/Developer/SDKs/MacOSX.sdk/usr/include/c++/v1/cmath:642:26: error: no template named 'numeric_limits'\n",
        "    bool _FloatBigger = (numeric_limits<_FloatT>::digits > numeric_limits<_IntT>::digits),\n                         ^\n",
        "/Applications/Xcode.app/Contents/Developer/Platforms/MacOSX.platform/Developer/SDKs/MacOSX.sdk/usr/include/c++/v1/cmath:642:60: error: no template named 'numeric_limits'\n    bool _FloatBigger = (numeric_limits<_FloatT>::digits > numeric_limits<_IntT>::digits),\n                                                           ^\n",
        "/Applications/Xcode.app/Contents/Developer/Platforms/MacOSX.platform/Developer/SDKs/MacOSX.sdk/usr/include/c++/v1/cmath:643:18: error: no template named 'numeric_limits'\n    int _Bits = (numeric_limits<_IntT>::digits - numeric_limits<_FloatT>::digits)>\n                 ^\n",
        "/Applications/Xcode.app/Contents/Developer/Platforms/MacOSX.platform/Developer/SDKs/MacOSX.sdk/usr/include/c++/v1/cmath:643:50: error: no template named 'numeric_limits'\n    int _Bits = (numeric_limits<_IntT>::digits - numeric_limits<_FloatT>::digits)>\n                                                 ^\n",
        "/Applications/Xcode.app/Contents/Developer/Platforms/MacOSX.platform/Developer/SDKs/MacOSX.sdk/usr/include/c++/v1/cmath:648:17: error: no template named 'numeric_limits'\n  static_assert(numeric_limits<_FloatT>::radix == 2, \"FloatT has incorrect radix\");\n                ^\n",
        "/Applications/Xcode.app/Contents/Developer/Platforms/MacOSX.platform/Developer/SDKs/MacOSX.sdk/usr/include/c++/v1/cmath:651:25: error: no template named 'numeric_limits'\n  return _FloatBigger ? numeric_limits<_IntT>::max() :  (numeric_limits<_IntT>::max() >> _Bits << _Bits);\n                        ^\n",
        "/Applications/Xcode.app/Contents/Developer/Platforms/MacOSX.platform/Developer/SDKs/MacOSX.sdk/usr/include/c++/v1/cmath:651:58: error: no template named 'numeric_limits'\n  return _FloatBigger ? numeric_limits<_IntT>::max() :  (numeric_limits<_IntT>::max() >> _Bits << _Bits);\n                                                         ^\n",
        "/Applications/Xcode.app/Contents/Developer/Platforms/MacOSX.platform/Developer/SDKs/MacOSX.sdk/usr/include/c++/v1/cmath:645:25: error: no return statement in constexpr function\n_LIBCPP_CONSTEXPR _IntT __max_representable_int_for_float() _NOEXCEPT {\n                        ^\n",
        "/Applications/Xcode.app/Contents/Developer/Platforms/MacOSX.platform/Developer/SDKs/MacOSX.sdk/usr/include/c++/v1/cmath:661:16: error: no template named 'numeric_limits'\n  using _Lim = numeric_limits<_IntT>;\n               ^\n",
        "/Applications/Xcode.app/Contents/Developer/Platforms/MacOSX.platform/Developer/SDKs/MacOSX.sdk/usr/include/c++/v1/cmath:664:12: error: use of undeclared identifier '_Lim'\n    return _Lim::max();\n           ^\n",
        "/Applications/Xcode.app/Contents/Developer/Platforms/MacOSX.platform/Developer/SDKs/MacOSX.sdk/usr/include/c++/v1/cmath:665:21: error: use of undeclared identifier '_Lim'\n  } else if (__r <= _Lim::lowest()) {\n                    ^\n",
        "/Applications/Xcode.app/Contents/Developer/Platforms/MacOSX.platform/Developer/SDKs/MacOSX.sdk/usr/include/c++/v1/cmath:666:12: error: use of undeclared identifier '_Lim'\n    return _Lim::min();\n           ^\n",
        "In file included from RcppExports.cpp:4:\nIn file included from /Library/Frameworks/R.framework/Versions/4.1-arm64/Resources/library/RcppArmadillo/include/RcppArmadillo.h:29:\nIn file included from /Library/Frameworks/R.framework/Versions/4.1-arm64/Resources/library/RcppArmadillo/include/RcppArmadilloForward.h:25:\nIn file included from /Library/Frameworks/R.framework/Versions/4.1-arm64/Resources/library/Rcpp/include/RcppCommon.h:30:\nIn file included from /Library/Frameworks/R.framework/Versions/4.1-arm64/Resources/library/Rcpp/include/Rcpp/r/headers.h:62:\nIn file included from /Library/Frameworks/R.framework/Versions/4.1-arm64/Resources/library/Rcpp/include/Rcpp/platform/compiler.h:153:\nIn file included from /Applications/Xcode.app/Contents/Developer/Platforms/MacOSX.platform/Developer/SDKs/MacOSX.sdk/usr/include/c++/v1/unordered_map:437:\nIn file included from /Applications/Xcode.app/Contents/Developer/Platforms/MacOSX.platform/Developer/SDKs/MacOSX.sdk/usr/include/c++/v1/__hash_table:16:\nIn file included from /Applications/Xcode.app/Contents/Developer/Platforms/MacOSX.platform/Developer/SDKs/MacOSX.sdk/usr/include/c++/v1/algorithm:653:\nIn file included from /Applications/Xcode.app/Contents/Developer/Platforms/MacOSX.platform/Developer/SDKs/MacOSX.sdk/usr/include/c++/v1/functional:490:\nIn file included from /Applications/Xcode.app/Contents/Developer/Platforms/MacOSX.platform/Developer/SDKs/MacOSX.sdk/usr/include/c++/v1/__algorithm/search.h:15:\nIn file included from /Applications/Xcode.app/Contents/Developer/Platforms/MacOSX.platform/Developer/SDKs/MacOSX.sdk/usr/include/c++/v1/__iterator/iterator_traits.h:14:\nIn file included from /Applications/Xcode.app/Contents/Developer/Platforms/MacOSX.platform/Developer/SDKs/MacOSX.sdk/usr/include/c++/v1/__iterator/incrementable_traits.h:14:\nIn file included from /Applications/Xcode.app/Contents/Developer/Platforms/MacOSX.platform/Developer/SDKs/MacOSX.sdk/usr/include/c++/v1/concepts:134:\nIn file included from /Applications/Xcode.app/Contents/Developer/Platforms/MacOSX.platform/Developer/SDKs/MacOSX.sdk/usr/include/c++/v1/__functional_base:",
        "22:\nIn file included from /Applications/Xcode.app/Contents/Developer/Platforms/MacOSX.platform/Developer/SDKs/MacOSX.sdk/usr/include/c++/v1/exception:83:\n/Applications/Xcode.app/Contents/Developer/Platforms/MacOSX.platform/Developer/SDKs/MacOSX.sdk/usr/include/c++/v1/cstdlib:138:9: error: target of using declaration conflicts with declaration already in scope\nusing ::abs _LIBCPP_USING_IF_EXISTS;\n        ^\n",
        "/usr/local/include/stdlib.h:132:6: note: target of using declaration\n",
        "int      abs(int) __pure2;\n         ^",
        "\n/Applications/Xcode.app/Contents/Developer/Platforms/MacOSX.platform/Developer/SDKs/MacOSX.sdk/usr/include/c++/v1/cmath:338",
        ":1: note: conflicting declaration\n",
        "using ::abs _LIBCPP_USING_IF_EXISTS;\n^\n",
        "In file included from RcppExports.cpp:4:\nIn file included from /Library/Frameworks/R.framework/Versions/4.1-arm64/Resources/library/RcppArmadillo/include/RcppArmadillo.h:29:\nIn file included from /Library/Frameworks/R.framework/Versions/4.1-arm64/Resources/library/RcppArmadillo/include/RcppArmadilloForward.h:25:\nIn file included from /Library/Frameworks/R.framework/Versions/4.1-arm64/Resources/library/Rcpp/include/RcppCommon.h:65:\n/Applications/Xcode.app/Contents/Developer/Platforms/MacOSX.platform/Developer/SDKs/MacOSX.sdk/usr/include/c++/v1/complex:853:1: error: declaration conflicts with target of using declaration already in scope\nabs(const complex<_Tp>& __c)\n^\n/Applications/Xcode.app/Contents/Developer/Platforms/MacOSX.platform/Developer/SDKs/MacOSX.sdk/usr/include/c++/v1/cmath:338:1:",
        " note: target of using declaration\nusing ::abs _LIBCPP_USING_IF_EXISTS;\n^\n/Applications/Xcode.app/Contents/Developer/Platforms/MacOSX.platform/Developer/SDKs/MacOSX.sdk/usr/include/c++/v1/cmath:338:9: note: using declaration\nusing ::abs _LIBCPP_USING_IF_EXISTS;\n        ^\n",
        "In file included from RcppExports.cpp:4:\nIn file included from /Library/Frameworks/R.framework/Versions/4.1-arm64/Resources/library/RcppArmadillo/include/RcppArmadillo.h:29:\nIn file included from /Library/Frameworks/R.framework/Versions/4.1-arm64/Resources/library/RcppArmadillo/include/RcppArmadilloForward.h:25:\nIn file included from /Library/Frameworks/R.framework/Versions/4.1-arm64/Resources/library/Rcpp/include/RcppCommon.h:65:\n/Applications/Xcode.app/Contents/Developer/Platforms/MacOSX.platform/Developer/SDKs/MacOSX.sdk/usr/include/c++/v1/complex:910:16: error: reference to unresolved using declaration\n        return abs(__c.real());\n               ^\n/Applications/Xcode.app/Contents/Developer/Platforms/MacOSX.platform/Developer/SDKs/MacOSX.sdk/usr/include/c++/v1/cmath:338:1:",
        " note: using declaration annotated with 'using_if_exists' here\nusing ::abs _LIBCPP_USING_IF_EXISTS;\n^",
        "\n",
        "In file included from RcppExports.cpp:",
        "4:\nIn file included from /Library/Frameworks/R.framework/Versions/4.1-arm64/Resources/library/RcppArmadillo/include/RcppArmadillo.h:29:\nIn file included from /Library/Frameworks/R.framework/Versions/4.1-arm64/Resources/library/RcppArmadillo/include/RcppArmadilloForward.h",
        ":25:\nIn file included from /Library/Frameworks/R.framework/Versions/4.1-arm64/Resources/library/Rcpp/include/RcppCommon.h:65:\n/Applications/Xcode.app/Contents/Developer/Platforms/MacOSX.platform/Developer/SDKs/MacOSX.sdk/usr/include/c++/v1/complex:912:16: error: reference to unresolved using declaration\n",
        "        return abs(__c.imag());\n",
        "               ^\n/Applications/Xcode.app/Contents/Developer/Platforms/MacOSX.platform/Developer/SDKs/MacOSX.sdk/usr/include/c++/v1/cmath:338:1:",
        " note: using declaration annotated with 'using_if_exists' here\n",
        "using ::abs _LIBCPP_USING_IF_EXISTS;\n^\n",
        "In file included from RcppExports.cpp:4:\nIn file included from /Library/Frameworks/R.framework/Versions/4.1-arm64/Resources/library/RcppArmadillo/include/RcppArmadillo.h:29:\nIn file included from /Library/Frameworks/R.framework/Versions/4.1-arm64/Resources/library/RcppArmadillo/include/RcppArmadilloForward.h:25:\nIn file included from /Library/Frameworks/R.framework/Versions/4.1-arm64/Resources/library/Rcpp/include/RcppCommon.h:65:\n/Applications/Xcode.app/Contents/Developer/Platforms/MacOSX.platform/Developer/SDKs/MacOSX.sdk/usr/include/c++/v1/complex:969:16: error: reference to unresolved using declaration\n        __re = abs(__re);\n               ^\n/Applications/Xcode.app/Contents/Developer/Platforms/MacOSX.platform/Developer/SDKs/MacOSX.sdk/usr/include/c++/v1/cmath:338:1: note: using declaration annotated with 'using_if_exists' here\n",
        "using ::abs _LIBCPP_USING_IF_EXISTS;\n^\n",
        "In file included from RcppExports.cpp:4:\nIn file included from /Library/Frameworks/R.framework/Versions/4.1-arm64/Resources/library/RcppArmadillo/include/RcppArmadillo.h:29:\nIn file included from /Library/Frameworks/R.framework/Versions/4.1-arm64/Resources/library/RcppArmadillo/include/RcppArmadilloForward.h:25:\nIn file included from /Library/Frameworks/R.framework/Versions/4.1-arm64/Resources/library/Rcpp/include/RcppCommon.h:65:\n/Applications/Xcode.app/Contents/Developer/Platforms/MacOSX.platform/Developer/SDKs/MacOSX.sdk/usr/include/c++/v1/complex:1022:29: error: reference to unresolved using declaration\n    return complex<_Tp>(log(abs(__x)), arg(__x));\n                            ^\n/Applications/Xcode.app/Contents/Developer/Platforms/MacOSX.platform/Developer/SDKs/MacOSX.sdk/usr/include/c++/v1/cmath:338:1",
        ": note: using declaration annotated with 'using_if_exists' here\nusing ::abs _LIBCPP_USING_IF_EXISTS;\n^\n",
        "In file included from RcppExports.cpp:4:\nIn file included from /Library/Frameworks/R.framework/Versions/4.1-arm64/Resources/library/RcppArmadillo/include/RcppArmadillo.h:29:\nIn file included from /Library/Frameworks/R.framework/Versions/4.1-arm64/Resources/library/RcppArmadillo/include/RcppArmadilloForward.h:25:\nIn file included from /Library/Frameworks/R.framework/Versions/4.1-arm64/Resources/library/Rcpp/include/RcppCommon.h:65:\n/Applications/Xcode.app/Contents/Developer/Platforms/MacOSX.platform/Developer/SDKs/MacOSX.sdk/usr/include/c++/v1/complex:1049:23: error: reference to unresolved using declaration\n    return polar(sqrt(abs(__x)), arg(__x) / _Tp(2));",
        "\n                      ^\n/Applications/Xcode.app/Contents/Developer/Platforms/MacOSX.platform/Developer/SDKs/MacOSX.sdk/usr/include/c++/v1/cmath:338:1: note: using declaration annotated with 'using_if_exists' here\n",
        "using ::abs _LIBCPP_USING_IF_EXISTS;\n^\n",
        "fatal error: too many errors emitted, stopping now [-ferror-limit=]\n",
        "20 errors generated.\n",
        "make: *** [RcppExports.o] Error 1\n",
        "ERROR: compilation failed for package OpenImageR\n",
        "* removing /Library/Frameworks/R.framework/Versions/4.1-arm64/Resources/library/OpenImageR\n",
        "* restoring previous /Library/Frameworks/R.framework/Versions/4.1-arm64/Resources/library/OpenImageR\n",
        "\n",
        "",
        "The downloaded source packages are in\n\t/private/var/folders/t0/54_bcl_57rx8454cs0tfh1_c0000gn/T/Rtmpx0uJfy/downloaded_packages",
        "",
        "\n",
        "Warning messages:\n",
        "1: ",
        "In install.packages(...) :",
        "\n ",
        " installation of package BHC had non-zero exit status\n",
        "2: ",
        "In install.packages(update[instlib == l, \"Package\"], l, repos = repos,  :",
        "\n ",
        " installation of package RcppArmadillo had non-zero exit status\n",
        "3: ",
        "In install.packages(update[instlib == l, \"Package\"], l, repos = repos,  :",
        "\n ",
        " installation of package readr had non-zero exit status\n",
        "4: ",
        "In install.packages(update[instlib == l, \"Package\"], l, repos = repos,  :",
        "\n ",
        " installation of package OpenImageR had non-zero exit status\n",
        "Error in fetch(key) : \n  lazy-load database '/Library/Frameworks/R.framework/Resources/library/base/help/base.rdb' is corrupt\n",
        "> ",
        "system()",
        "Error in system() : argument \"command\" is missing, with no default\n",
        "Error in fetch(key) : \n  lazy-load database '/Library/Frameworks/R.framework/Resources/library/base/help/base.rdb' is corrupt\n",
        "> ",
        ".rs.restartR() ",
        "NULL\n\nRestarting R session...\n\n"
    ]
}